Adjacency matrix:
010000000100000000000000000000000000000000000000000000000000000000000000000000000
101000000010000000000000000000000000000000000000000000000000000000000000000000000
010100000001000000000000000000000000000000000000000000000000000000000000000000000
001010000000100000000000000000000000000000000000000000000000000000000000000000000
000101000000010000000000000000000000000000000000000000000000000000000000000000000
000010100000001000000000000000000000000000000000000000000000000000000000000000000
000001010000000100000000000000000000000000000000000000000000000000000000000000000
000000101000000010000000000000000000000000000000000000000000000000000000000000000
000000010000000001000000000000000000000000000000000000000000000000000000000000000
100000000010000000100000000000000000000000000000000000000000000000000000000000000
010000000101000000010000000000000000000000000000000000000000000000000000000000000
001000000010100000001000000000000000000000000000000000000000000000000000000000000
000100000001010000000100000000000000000000000000000000000000000000000000000000000
000010000000101000000010000000000000000000000000000000000000000000000000000000000
000001000000010100000001000000000000000000000000000000000000000000000000000000000
000000100000001010000000100000000000000000000000000000000000000000000000000000000
000000010000000101000000010000000000000000000000000000000000000000000000000000000
000000001000000010000000001000000000000000000000000000000000000000000000000000000
000000000100000000010000000100000000000000000000000000000000000000000000000000000
000000000010000000101000000010000000000000000000000000000000000000000000000000000
000000000001000000010100000001000000000000000000000000000000000000000000000000000
000000000000100000001010000000100000000000000000000000000000000000000000000000000
000000000000010000000101000000010000000000000000000000000000000000000000000000000
000000000000001000000010100000001000000000000000000000000000000000000000000000000
000000000000000100000001010000000100000000000000000000000000000000000000000000000
000000000000000010000000101000000010000000000000000000000000000000000000000000000
000000000000000001000000010000000001000000000000000000000000000000000000000000000
000000000000000000100000000010000000100000000000000000000000000000000000000000000
000000000000000000010000000101000000010000000000000000000000000000000000000000000
000000000000000000001000000010100000001000000000000000000000000000000000000000000
000000000000000000000100000001010000000100000000000000000000000000000000000000000
000000000000000000000010000000101000000010000000000000000000000000000000000000000
000000000000000000000001000000010100000001000000000000000000000000000000000000000
000000000000000000000000100000001010000000100000000000000000000000000000000000000
000000000000000000000000010000000101000000010000000000000000000000000000000000000
000000000000000000000000001000000010000000001000000000000000000000000000000000000
000000000000000000000000000100000000010000000100000000000000000000000000000000000
000000000000000000000000000010000000101000000010000000000000000000000000000000000
000000000000000000000000000001000000010100000001000000000000000000000000000000000
000000000000000000000000000000100000001010000000100000000000000000000000000000000
000000000000000000000000000000010000000101000000010000000000000000000000000000000
000000000000000000000000000000001000000010100000001000000000000000000000000000000
000000000000000000000000000000000100000001010000000100000000000000000000000000000
000000000000000000000000000000000010000000101000000010000000000000000000000000000
000000000000000000000000000000000001000000010000000001000000000000000000000000000
000000000000000000000000000000000000100000000010000000100000000000000000000000000
000000000000000000000000000000000000010000000101000000010000000000000000000000000
000000000000000000000000000000000000001000000010100000001000000000000000000000000
000000000000000000000000000000000000000100000001010000000100000000000000000000000
000000000000000000000000000000000000000010000000101000000010000000000000000000000
000000000000000000000000000000000000000001000000010100000001000000000000000000000
000000000000000000000000000000000000000000100000001010000000100000000000000000000
000000000000000000000000000000000000000000010000000101000000010000000000000000000
000000000000000000000000000000000000000000001000000010000000001000000000000000000
000000000000000000000000000000000000000000000100000000010000000100000000000000000
000000000000000000000000000000000000000000000010000000101000000010000000000000000
000000000000000000000000000000000000000000000001000000010100000001000000000000000
000000000000000000000000000000000000000000000000100000001010000000100000000000000
000000000000000000000000000000000000000000000000010000000101000000010000000000000
000000000000000000000000000000000000000000000000001000000010100000001000000000000
000000000000000000000000000000000000000000000000000100000001010000000100000000000
000000000000000000000000000000000000000000000000000010000000101000000010000000000
000000000000000000000000000000000000000000000000000001000000010000000001000000000
000000000000000000000000000000000000000000000000000000100000000010000000100000000
000000000000000000000000000000000000000000000000000000010000000101000000010000000
000000000000000000000000000000000000000000000000000000001000000010100000001000000
000000000000000000000000000000000000000000000000000000000100000001010000000100000
000000000000000000000000000000000000000000000000000000000010000000101000000010000
000000000000000000000000000000000000000000000000000000000001000000010100000001000
000000000000000000000000000000000000000000000000000000000000100000001010000000100
000000000000000000000000000000000000000000000000000000000000010000000101000000010
000000000000000000000000000000000000000000000000000000000000001000000010000000001
000000000000000000000000000000000000000000000000000000000000000100000000010000000
000000000000000000000000000000000000000000000000000000000000000010000000101000000
000000000000000000000000000000000000000000000000000000000000000001000000010100000
000000000000000000000000000000000000000000000000000000000000000000100000001010000
000000000000000000000000000000000000000000000000000000000000000000010000000101000
000000000000000000000000000000000000000000000000000000000000000000001000000010100
000000000000000000000000000000000000000000000000000000000000000000000100000001010
000000000000000000000000000000000000000000000000000000000000000000000010000000101
000000000000000000000000000000000000000000000000000000000000000000000001000000010

Starting BFS; initial state:
[34m█[34m█[34m█[34m█[34m█[34m█[34m█[34m█[34m█[34m█[34m█[34m█[34m█[34m█[34m█[34m█[34m█[34m█
[34m█[34m█[31m█[31m█[31m█[31m█[34m█[34m█[34m█[34m█[34m█[34m█[31m█[31m█[31m█[31m█[34m█[34m█
[31m█[31m█[31m█[31m█[31m█[31m█[31m█[31m█[34m█[34m█[31m█[31m█[31m█[31m█[31m█[31m█[31m█[31m█
[31m█[31m█[31m█[31m█[31m█[31m█[31m█[31m█[31m█[31m█[31m█[31m█[31m█[31m█[31m█[31m█[31m█[31m█
[33m█[33m█[31m█[31m█[31m█[31m█[31m█[31m█[31m█[31m█[31m█[31m█[31m█[31m█[31m█[31m█[33m█[33m█
[33m█[33m█[33m█[33m█[31m█[31m█[31m█[31m█[31m█[31m█[31m█[31m█[31m█[31m█[33m█[33m█[33m█[33m█
[33m█[33m█[33m█[33m█[33m█[33m█[31m█[31m█[31m█[31m█[31m█[31m█[33m█[33m█[33m█[33m█[33m█[33m█
[33m█[33m█[33m█[33m█[33m█[33m█[33m█[33m█[31m█[31m█[33m█[33m█[33m█[33m█[33m█[33m█[33m█[33m█
[33m█[33m█[33m█[33m█[33m█[33m█[33m█[33m█[33m█[33m█[33m█[33m█[33m█[33m█[33m█[33m█[33m█[33m█
[0m
Visited node 45
[34m█[34m█[34m█[34m█[34m█[34m█[34m█[34m█[34m█[34m█[34m█[34m█[34m█[34m█[34m█[34m█[34m█[34m█
[34m█[34m█[31m█[31m█[31m█[31m█[34m█[34m█[34m█[34m█[34m█[34m█[31m█[31m█[31m█[31m█[34m█[34m█
[31m█[31m█[31m█[31m█[31m█[31m█[31m█[31m█[34m█[34m█[31m█[31m█[31m█[31m█[31m█[31m█[31m█[31m█
[31m█[31m█[31m█[31m█[31m█[31m█[31m█[31m█[31m█[31m█[31m█[31m█[31m█[31m█[31m█[31m█[31m█[31m█
[33m█[33m█[31m█[31m█[31m█[31m█[31m█[31m█[31m█[31m█[31m█[31m█[31m█[31m█[31m█[31m█[33m█[33m█
[35m█[35m█[33m█[33m█[31m█[31m█[31m█[31m█[31m█[31m█[31m█[31m█[31m█[31m█[33m█[33m█[33m█[33m█
[33m█[33m█[33m█[33m█[33m█[33m█[31m█[31m█[31m█[31m█[31m█[31m█[33m█[33m█[33m█[33m█[33m█[33m█
[33m█[33m█[33m█[33m█[33m█[33m█[33m█[33m█[31m█[31m█[33m█[33m█[33m█[33m█[33m█[33m█[33m█[33m█
[33m█[33m█[33m█[33m█[33m█[33m█[33m█[33m█[33m█[33m█[33m█[33m█[33m█[33m█[33m█[33m█[33m█[33m█
[0m
Visited node 36
[34m█[34m█[34m█[34m█[34m█[34m█[34m█[34m█[34m█[34m█[34m█[34m█[34m█[34m█[34m█[34m█[34m█[34m█
[34m█[34m█[31m█[31m█[31m█[31m█[34m█[34m█[34m█[34m█[34m█[34m█[31m█[31m█[31m█[31m█[34m█[34m█
[31m█[31m█[31m█[31m█[31m█[31m█[31m█[31m█[34m█[34m█[31m█[31m█[31m█[31m█[31m█[31m█[31m█[31m█
[31m█[31m█[31m█[31m█[31m█[31m█[31m█[31m█[31m█[31m█[31m█[31m█[31m█[31m█[31m█[31m█[31m█[31m█
[35m█[35m█[31m█[31m█[31m█[31m█[31m█[31m█[31m█[31m█[31m█[31m█[31m█[31m█[31m█[31m█[33m█[33m█
[35m█[35m█[33m█[33m█[31m█[31m█[31m█[31m█[31m█[31m█[31m█[31m█[31m█[31m█[33m█[33m█[33m█[33m█
[33m█[33m█[33m█[33m█[33m█[33m█[31m█[31m█[31m█[31m█[31m█[31m█[33m█[33m█[33m█[33m█[33m█[33m█
[33m█[33m█[33m█[33m█[33m█[33m█[33m█[33m█[31m█[31m█[33m█[33m█[33m█[33m█[33m█[33m█[33m█[33m█
[33m█[33m█[33m█[33m█[33m█[33m█[33m█[33m█[33m█[33m█[33m█[33m█[33m█[33m█[33m█[33m█[33m█[33m█
[0m
Visited node 46
[34m█[34m█[34m█[34m█[34m█[34m█[34m█[34m█[34m█[34m█[34m█[34m█[34m█[34m█[34m█[34m█[34m█[34m█
[34m█[34m█[31m█[31m█[31m█[31m█[34m█[34m█[34m█[34m█[34m█[34m█[31m█[31m█[31m█[31m█[34m█[34m█
[31m█[31m█[31m█[31m█[31m█[31m█[31m█[31m█[34m█[34m█[31m█[31m█[31m█[31m█[31m█[31m█[31m█[31m█
[31m█[31m█[31m█[31m█[31m█[31m█[31m█[31m█[31m█[31m█[31m█[31m█[31m█[31m█[31m█[31m█[31m█[31m█
[35m█[35m█[31m█[31m█[31m█[31m█[31m█[31m█[31m█[31m█[31m█[31m█[31m█[31m█[31m█[31m█[33m█[33m█
[35m█[35m█[35m█[35m█[31m█[31m█[31m█[31m█[31m█[31m█[31m█[31m█[31m█[31m█[33m█[33m█[33m█[33m█
[33m█[33m█[33m█[33m█[33m█[33m█[31m█[31m█[31m█[31m█[31m█[31m█[33m█[33m█[33m█[33m█[33m█[33m█
[33m█[33m█[33m█[33m█[33m█[33m█[33m█[33m█[31m█[31m█[33m█[33m█[33m█[33m█[33m█[33m█[33m█[33m█
[33m█[33m█[33m█[33m█[33m█[33m█[33m█[33m█[33m█[33m█[33m█[33m█[33m█[33m█[33m█[33m█[33m█[33m█
[0m
Visited node 54
[34m█[34m█[34m█[34m█[34m█[34m█[34m█[34m█[34m█[34m█[34m█[34m█[34m█[34m█[34m█[34m█[34m█[34m█
[34m█[34m█[31m█[31m█[31m█[31m█[34m█[34m█[34m█[34m█[34m█[34m█[31m█[31m█[31m█[31m█[34m█[34m█
[31m█[31m█[31m█[31m█[31m█[31m█[31m█[31m█[34m█[34m█[31m█[31m█[31m█[31m█[31m█[31m█[31m█[31m█
[31m█[31m█[31m█[31m█[31m█[31m█[31m█[31m█[31m█[31m█[31m█[31m█[31m█[31m█[31m█[31m█[31m█[31m█
[35m█[35m█[31m█[31m█[31m█[31m█[31m█[31m█[31m█[31m█[31m█[31m█[31m█[31m█[31m█[31m█[33m█[33m█
[35m█[35m█[35m█[35m█[31m█[31m█[31m█[31m█[31m█[31m█[31m█[31m█[31m█[31m█[33m█[33m█[33m█[33m█
[35m█[35m█[33m█[33m█[33m█[33m█[31m█[31m█[31m█[31m█[31m█[31m█[33m█[33m█[33m█[33m█[33m█[33m█
[33m█[33m█[33m█[33m█[33m█[33m█[33m█[33m█[31m█[31m█[33m█[33m█[33m█[33m█[33m█[33m█[33m█[33m█
[33m█[33m█[33m█[33m█[33m█[33m█[33m█[33m█[33m█[33m█[33m█[33m█[33m█[33m█[33m█[33m█[33m█[33m█
[0m
Visited node 55
[34m█[34m█[34m█[34m█[34m█[34m█[34m█[34m█[34m█[34m█[34m█[34m█[34m█[34m█[34m█[34m█[34m█[34m█
[34m█[34m█[31m█[31m█[31m█[31m█[34m█[34m█[34m█[34m█[34m█[34m█[31m█[31m█[31m█[31m█[34m█[34m█
[31m█[31m█[31m█[31m█[31m█[31m█[31m█[31m█[34m█[34m█[31m█[31m█[31m█[31m█[31m█[31m█[31m█[31m█
[31m█[31m█[31m█[31m█[31m█[31m█[31m█[31m█[31m█[31m█[31m█[31m█[31m█[31m█[31m█[31m█[31m█[31m█
[35m█[35m█[31m█[31m█[31m█[31m█[31m█[31m█[31m█[31m█[31m█[31m█[31m█[31m█[31m█[31m█[33m█[33m█
[35m█[35m█[35m█[35m█[31m█[31m█[31m█[31m█[31m█[31m█[31m█[31m█[31m█[31m█[33m█[33m█[33m█[33m█
[35m█[35m█[35m█[35m█[33m█[33m█[31m█[31m█[31m█[31m█[31m█[31m█[33m█[33m█[33m█[33m█[33m█[33m█
[33m█[33m█[33m█[33m█[33m█[33m█[33m█[33m█[31m█[31m█[33m█[33m█[33m█[33m█[33m█[33m█[33m█[33m█
[33m█[33m█[33m█[33m█[33m█[33m█[33m█[33m█[33m█[33m█[33m█[33m█[33m█[33m█[33m█[33m█[33m█[33m█
[0m
Visited node 63
[34m█[34m█[34m█[34m█[34m█[34m█[34m█[34m█[34m█[34m█[34m█[34m█[34m█[34m█[34m█[34m█[34m█[34m█
[34m█[34m█[31m█[31m█[31m█[31m█[34m█[34m█[34m█[34m█[34m█[34m█[31m█[31m█[31m█[31m█[34m█[34m█
[31m█[31m█[31m█[31m█[31m█[31m█[31m█[31m█[34m█[34m█[31m█[31m█[31m█[31m█[31m█[31m█[31m█[31m█
[31m█[31m█[31m█[31m█[31m█[31m█[31m█[31m█[31m█[31m█[31m█[31m█[31m█[31m█[31m█[31m█[31m█[31m█
[35m█[35m█[31m█[31m█[31m█[31m█[31m█[31m█[31m█[31m█[31m█[31m█[31m█[31m█[31m█[31m█[33m█[33m█
[35m█[35m█[35m█[35m█[31m█[31m█[31m█[31m█[31m█[31m█[31m█[31m█[31m█[31m█[33m█[33m█[33m█[33m█
[35m█[35m█[35m█[35m█[33m█[33m█[31m█[31m█[31m█[31m█[31m█[31m█[33m█[33m█[33m█[33m█[33m█[33m█
[35m█[35m█[33m█[33m█[33m█[33m█[33m█[33m█[31m█[31m█[33m█[33m█[33m█[33m█[33m█[33m█[33m█[33m█
[33m█[33m█[33m█[33m█[33m█[33m█[33m█[33m█[33m█[33m█[33m█[33m█[33m█[33m█[33m█[33m█[33m█[33m█
[0m
Visited node 56
[34m█[34m█[34m█[34m█[34m█[34m█[34m█[34m█[34m█[34m█[34m█[34m█[34m█[34m█[34m█[34m█[34m█[34m█
[34m█[34m█[31m█[31m█[31m█[31m█[34m█[34m█[34m█[34m█[34m█[34m█[31m█[31m█[31m█[31m█[34m█[34m█
[31m█[31m█[31m█[31m█[31m█[31m█[31m█[31m█[34m█[34m█[31m█[31m█[31m█[31m█[31m█[31m█[31m█[31m█
[31m█[31m█[31m█[31m█[31m█[31m█[31m█[31m█[31m█[31m█[31m█[31m█[31m█[31m█[31m█[31m█[31m█[31m█
[35m█[35m█[31m█[31m█[31m█[31m█[31m█[31m█[31m█[31m█[31m█[31m█[31m█[31m█[31m█[31m█[33m█[33m█
[35m█[35m█[35m█[35m█[31m█[31m█[31m█[31m█[31m█[31m█[31m█[31m█[31m█[31m█[33m█[33m█[33m█[33m█
[35m█[35m█[35m█[35m█[35m█[35m█[31m█[31m█[31m█[31m█[31m█[31m█[33m█[33m█[33m█[33m█[33m█[33m█
[35m█[35m█[33m█[33m█[33m█[33m█[33m█[33m█[31m█[31m█[33m█[33m█[33m█[33m█[33m█[33m█[33m█[33m█
[33m█[33m█[33m█[33m█[33m█[33m█[33m█[33m█[33m█[33m█[33m█[33m█[33m█[33m█[33m█[33m█[33m█[33m█
[0m
Visited node 64
[34m█[34m█[34m█[34m█[34m█[34m█[34m█[34m█[34m█[34m█[34m█[34m█[34m█[34m█[34m█[34m█[34m█[34m█
[34m█[34m█[31m█[31m█[31m█[31m█[34m█[34m█[34m█[34m█[34m█[34m█[31m█[31m█[31m█[31m█[34m█[34m█
[31m█[31m█[31m█[31m█[31m█[31m█[31m█[31m█[34m█[34m█[31m█[31m█[31m█[31m█[31m█[31m█[31m█[31m█
[31m█[31m█[31m█[31m█[31m█[31m█[31m█[31m█[31m█[31m█[31m█[31m█[31m█[31m█[31m█[31m█[31m█[31m█
[35m█[35m█[31m█[31m█[31m█[31m█[31m█[31m█[31m█[31m█[31m█[31m█[31m█[31m█[31m█[31m█[33m█[33m█
[35m█[35m█[35m█[35m█[31m█[31m█[31m█[31m█[31m█[31m█[31m█[31m█[31m█[31m█[33m█[33m█[33m█[33m█
[35m█[35m█[35m█[35m█[35m█[35m█[31m█[31m█[31m█[31m█[31m█[31m█[33m█[33m█[33m█[33m█[33m█[33m█
[35m█[35m█[35m█[35m█[33m█[33m█[33m█[33m█[31m█[31m█[33m█[33m█[33m█[33m█[33m█[33m█[33m█[33m█
[33m█[33m█[33m█[33m█[33m█[33m█[33m█[33m█[33m█[33m█[33m█[33m█[33m█[33m█[33m█[33m█[33m█[33m█
[0m
Visited node 72
[34m█[34m█[34m█[34m█[34m█[34m█[34m█[34m█[34m█[34m█[34m█[34m█[34m█[34m█[34m█[34m█[34m█[34m█
[34m█[34m█[31m█[31m█[31m█[31m█[34m█[34m█[34m█[34m█[34m█[34m█[31m█[31m█[31m█[31m█[34m█[34m█
[31m█[31m█[31m█[31m█[31m█[31m█[31m█[31m█[34m█[34m█[31m█[31m█[31m█[31m█[31m█[31m█[31m█[31m█
[31m█[31m█[31m█[31m█[31m█[31m█[31m█[31m█[31m█[31m█[31m█[31m█[31m█[31m█[31m█[31m█[31m█[31m█
[35m█[35m█[31m█[31m█[31m█[31m█[31m█[31m█[31m█[31m█[31m█[31m█[31m█[31m█[31m█[31m█[33m█[33m█
[35m█[35m█[35m█[35m█[31m█[31m█[31m█[31m█[31m█[31m█[31m█[31m█[31m█[31m█[33m█[33m█[33m█[33m█
[35m█[35m█[35m█[35m█[35m█[35m█[31m█[31m█[31m█[31m█[31m█[31m█[33m█[33m█[33m█[33m█[33m█[33m█
[35m█[35m█[35m█[35m█[33m█[33m█[33m█[33m█[31m█[31m█[33m█[33m█[33m█[33m█[33m█[33m█[33m█[33m█
[35m█[35m█[33m█[33m█[33m█[33m█[33m█[33m█[33m█[33m█[33m█[33m█[33m█[33m█[33m█[33m█[33m█[33m█
[0m
Visited node 65
[34m█[34m█[34m█[34m█[34m█[34m█[34m█[34m█[34m█[34m█[34m█[34m█[34m█[34m█[34m█[34m█[34m█[34m█
[34m█[34m█[31m█[31m█[31m█[31m█[34m█[34m█[34m█[34m█[34m█[34m█[31m█[31m█[31m█[31m█[34m█[34m█
[31m█[31m█[31m█[31m█[31m█[31m█[31m█[31m█[34m█[34m█[31m█[31m█[31m█[31m█[31m█[31m█[31m█[31m█
[31m█[31m█[31m█[31m█[31m█[31m█[31m█[31m█[31m█[31m█[31m█[31m█[31m█[31m█[31m█[31m█[31m█[31m█
[35m█[35m█[31m█[31m█[31m█[31m█[31m█[31m█[31m█[31m█[31m█[31m█[31m█[31m█[31m█[31m█[33m█[33m█
[35m█[35m█[35m█[35m█[31m█[31m█[31m█[31m█[31m█[31m█[31m█[31m█[31m█[31m█[33m█[33m█[33m█[33m█
[35m█[35m█[35m█[35m█[35m█[35m█[31m█[31m█[31m█[31m█[31m█[31m█[33m█[33m█[33m█[33m█[33m█[33m█
[35m█[35m█[35m█[35m█[35m█[35m█[33m█[33m█[31m█[31m█[33m█[33m█[33m█[33m█[33m█[33m█[33m█[33m█
[35m█[35m█[33m█[33m█[33m█[33m█[33m█[33m█[33m█[33m█[33m█[33m█[33m█[33m█[33m█[33m█[33m█[33m█
[0m
Visited node 73
[34m█[34m█[34m█[34m█[34m█[34m█[34m█[34m█[34m█[34m█[34m█[34m█[34m█[34m█[34m█[34m█[34m█[34m█
[34m█[34m█[31m█[31m█[31m█[31m█[34m█[34m█[34m█[34m█[34m█[34m█[31m█[31m█[31m█[31m█[34m█[34m█
[31m█[31m█[31m█[31m█[31m█[31m█[31m█[31m█[34m█[34m█[31m█[31m█[31m█[31m█[31m█[31m█[31m█[31m█
[31m█[31m█[31m█[31m█[31m█[31m█[31m█[31m█[31m█[31m█[31m█[31m█[31m█[31m█[31m█[31m█[31m█[31m█
[35m█[35m█[31m█[31m█[31m█[31m█[31m█[31m█[31m█[31m█[31m█[31m█[31m█[31m█[31m█[31m█[33m█[33m█
[35m█[35m█[35m█[35m█[31m█[31m█[31m█[31m█[31m█[31m█[31m█[31m█[31m█[31m█[33m█[33m█[33m█[33m█
[35m█[35m█[35m█[35m█[35m█[35m█[31m█[31m█[31m█[31m█[31m█[31m█[33m█[33m█[33m█[33m█[33m█[33m█
[35m█[35m█[35m█[35m█[35m█[35m█[33m█[33m█[31m█[31m█[33m█[33m█[33m█[33m█[33m█[33m█[33m█[33m█
[35m█[35m█[35m█[35m█[33m█[33m█[33m█[33m█[33m█[33m█[33m█[33m█[33m█[33m█[33m█[33m█[33m█[33m█
[0m
Visited node 66
[34m█[34m█[34m█[34m█[34m█[34m█[34m█[34m█[34m█[34m█[34m█[34m█[34m█[34m█[34m█[34m█[34m█[34m█
[34m█[34m█[31m█[31m█[31m█[31m█[34m█[34m█[34m█[34m█[34m█[34m█[31m█[31m█[31m█[31m█[34m█[34m█
[31m█[31m█[31m█[31m█[31m█[31m█[31m█[31m█[34m█[34m█[31m█[31m█[31m█[31m█[31m█[31m█[31m█[31m█
[31m█[31m█[31m█[31m█[31m█[31m█[31m█[31m█[31m█[31m█[31m█[31m█[31m█[31m█[31m█[31m█[31m█[31m█
[35m█[35m█[31m█[31m█[31m█[31m█[31m█[31m█[31m█[31m█[31m█[31m█[31m█[31m█[31m█[31m█[33m█[33m█
[35m█[35m█[35m█[35m█[31m█[31m█[31m█[31m█[31m█[31m█[31m█[31m█[31m█[31m█[33m█[33m█[33m█[33m█
[35m█[35m█[35m█[35m█[35m█[35m█[31m█[31m█[31m█[31m█[31m█[31m█[33m█[33m█[33m█[33m█[33m█[33m█
[35m█[35m█[35m█[35m█[35m█[35m█[35m█[35m█[31m█[31m█[33m█[33m█[33m█[33m█[33m█[33m█[33m█[33m█
[35m█[35m█[35m█[35m█[33m█[33m█[33m█[33m█[33m█[33m█[33m█[33m█[33m█[33m█[33m█[33m█[33m█[33m█
[0m
Visited node 74
[34m█[34m█[34m█[34m█[34m█[34m█[34m█[34m█[34m█[34m█[34m█[34m█[34m█[34m█[34m█[34m█[34m█[34m█
[34m█[34m█[31m█[31m█[31m█[31m█[34m█[34m█[34m█[34m█[34m█[34m█[31m█[31m█[31m█[31m█[34m█[34m█
[31m█[31m█[31m█[31m█[31m█[31m█[31m█[31m█[34m█[34m█[31m█[31m█[31m█[31m█[31m█[31m█[31m█[31m█
[31m█[31m█[31m█[31m█[31m█[31m█[31m█[31m█[31m█[31m█[31m█[31m█[31m█[31m█[31m█[31m█[31m█[31m█
[35m█[35m█[31m█[31m█[31m█[31m█[31m█[31m█[31m█[31m█[31m█[31m█[31m█[31m█[31m█[31m█[33m█[33m█
[35m█[35m█[35m█[35m█[31m█[31m█[31m█[31m█[31m█[31m█[31m█[31m█[31m█[31m█[33m█[33m█[33m█[33m█
[35m█[35m█[35m█[35m█[35m█[35m█[31m█[31m█[31m█[31m█[31m█[31m█[33m█[33m█[33m█[33m█[33m█[33m█
[35m█[35m█[35m█[35m█[35m█[35m█[35m█[35m█[31m█[31m█[33m█[33m█[33m█[33m█[33m█[33m█[33m█[33m█
[35m█[35m█[35m█[35m█[35m█[35m█[33m█[33m█[33m█[33m█[33m█[33m█[33m█[33m█[33m█[33m█[33m█[33m█
[0m
Visited node 75
[34m█[34m█[34m█[34m█[34m█[34m█[34m█[34m█[34m█[34m█[34m█[34m█[34m█[34m█[34m█[34m█[34m█[34m█
[34m█[34m█[31m█[31m█[31m█[31m█[34m█[34m█[34m█[34m█[34m█[34m█[31m█[31m█[31m█[31m█[34m█[34m█
[31m█[31m█[31m█[31m█[31m█[31m█[31m█[31m█[34m█[34m█[31m█[31m█[31m█[31m█[31m█[31m█[31m█[31m█
[31m█[31m█[31m█[31m█[31m█[31m█[31m█[31m█[31m█[31m█[31m█[31m█[31m█[31m█[31m█[31m█[31m█[31m█
[35m█[35m█[31m█[31m█[31m█[31m█[31m█[31m█[31m█[31m█[31m█[31m█[31m█[31m█[31m█[31m█[33m█[33m█
[35m█[35m█[35m█[35m█[31m█[31m█[31m█[31m█[31m█[31m█[31m█[31m█[31m█[31m█[33m█[33m█[33m█[33m█
[35m█[35m█[35m█[35m█[35m█[35m█[31m█[31m█[31m█[31m█[31m█[31m█[33m█[33m█[33m█[33m█[33m█[33m█
[35m█[35m█[35m█[35m█[35m█[35m█[35m█[35m█[31m█[31m█[33m█[33m█[33m█[33m█[33m█[33m█[33m█[33m█
[35m█[35m█[35m█[35m█[35m█[35m█[35m█[35m█[33m█[33m█[33m█[33m█[33m█[33m█[33m█[33m█[33m█[33m█
[0m
Visited node 76
[34m█[34m█[34m█[34m█[34m█[34m█[34m█[34m█[34m█[34m█[34m█[34m█[34m█[34m█[34m█[34m█[34m█[34m█
[34m█[34m█[31m█[31m█[31m█[31m█[34m█[34m█[34m█[34m█[34m█[34m█[31m█[31m█[31m█[31m█[34m█[34m█
[31m█[31m█[31m█[31m█[31m█[31m█[31m█[31m█[34m█[34m█[31m█[31m█[31m█[31m█[31m█[31m█[31m█[31m█
[31m█[31m█[31m█[31m█[31m█[31m█[31m█[31m█[31m█[31m█[31m█[31m█[31m█[31m█[31m█[31m█[31m█[31m█
[35m█[35m█[31m█[31m█[31m█[31m█[31m█[31m█[31m█[31m█[31m█[31m█[31m█[31m█[31m█[31m█[33m█[33m█
[35m█[35m█[35m█[35m█[31m█[31m█[31m█[31m█[31m█[31m█[31m█[31m█[31m█[31m█[33m█[33m█[33m█[33m█
[35m█[35m█[35m█[35m█[35m█[35m█[31m█[31m█[31m█[31m█[31m█[31m█[33m█[33m█[33m█[33m█[33m█[33m█
[35m█[35m█[35m█[35m█[35m█[35m█[35m█[35m█[31m█[31m█[33m█[33m█[33m█[33m█[33m█[33m█[33m█[33m█
[35m█[35m█[35m█[35m█[35m█[35m█[35m█[35m█[35m█[35m█[33m█[33m█[33m█[33m█[33m█[33m█[33m█[33m█
[0m
Visited node 77
[34m█[34m█[34m█[34m█[34m█[34m█[34m█[34m█[34m█[34m█[34m█[34m█[34m█[34m█[34m█[34m█[34m█[34m█
[34m█[34m█[31m█[31m█[31m█[31m█[34m█[34m█[34m█[34m█[34m█[34m█[31m█[31m█[31m█[31m█[34m█[34m█
[31m█[31m█[31m█[31m█[31m█[31m█[31m█[31m█[34m█[34m█[31m█[31m█[31m█[31m█[31m█[31m█[31m█[31m█
[31m█[31m█[31m█[31m█[31m█[31m█[31m█[31m█[31m█[31m█[31m█[31m█[31m█[31m█[31m█[31m█[31m█[31m█
[35m█[35m█[31m█[31m█[31m█[31m█[31m█[31m█[31m█[31m█[31m█[31m█[31m█[31m█[31m█[31m█[33m█[33m█
[35m█[35m█[35m█[35m█[31m█[31m█[31m█[31m█[31m█[31m█[31m█[31m█[31m█[31m█[33m█[33m█[33m█[33m█
[35m█[35m█[35m█[35m█[35m█[35m█[31m█[31m█[31m█[31m█[31m█[31m█[33m█[33m█[33m█[33m█[33m█[33m█
[35m█[35m█[35m█[35m█[35m█[35m█[35m█[35m█[31m█[31m█[33m█[33m█[33m█[33m█[33m█[33m█[33m█[33m█
[35m█[35m█[35m█[35m█[35m█[35m█[35m█[35m█[35m█[35m█[35m█[35m█[33m█[33m█[33m█[33m█[33m█[33m█
[0m
Visited node 68
[34m█[34m█[34m█[34m█[34m█[34m█[34m█[34m█[34m█[34m█[34m█[34m█[34m█[34m█[34m█[34m█[34m█[34m█
[34m█[34m█[31m█[31m█[31m█[31m█[34m█[34m█[34m█[34m█[34m█[34m█[31m█[31m█[31m█[31m█[34m█[34m█
[31m█[31m█[31m█[31m█[31m█[31m█[31m█[31m█[34m█[34m█[31m█[31m█[31m█[31m█[31m█[31m█[31m█[31m█
[31m█[31m█[31m█[31m█[31m█[31m█[31m█[31m█[31m█[31m█[31m█[31m█[31m█[31m█[31m█[31m█[31m█[31m█
[35m█[35m█[31m█[31m█[31m█[31m█[31m█[31m█[31m█[31m█[31m█[31m█[31m█[31m█[31m█[31m█[33m█[33m█
[35m█[35m█[35m█[35m█[31m█[31m█[31m█[31m█[31m█[31m█[31m█[31m█[31m█[31m█[33m█[33m█[33m█[33m█
[35m█[35m█[35m█[35m█[35m█[35m█[31m█[31m█[31m█[31m█[31m█[31m█[33m█[33m█[33m█[33m█[33m█[33m█
[35m█[35m█[35m█[35m█[35m█[35m█[35m█[35m█[31m█[31m█[35m█[35m█[33m█[33m█[33m█[33m█[33m█[33m█
[35m█[35m█[35m█[35m█[35m█[35m█[35m█[35m█[35m█[35m█[35m█[35m█[33m█[33m█[33m█[33m█[33m█[33m█
[0m
Visited node 78
[34m█[34m█[34m█[34m█[34m█[34m█[34m█[34m█[34m█[34m█[34m█[34m█[34m█[34m█[34m█[34m█[34m█[34m█
[34m█[34m█[31m█[31m█[31m█[31m█[34m█[34m█[34m█[34m█[34m█[34m█[31m█[31m█[31m█[31m█[34m█[34m█
[31m█[31m█[31m█[31m█[31m█[31m█[31m█[31m█[34m█[34m█[31m█[31m█[31m█[31m█[31m█[31m█[31m█[31m█
[31m█[31m█[31m█[31m█[31m█[31m█[31m█[31m█[31m█[31m█[31m█[31m█[31m█[31m█[31m█[31m█[31m█[31m█
[35m█[35m█[31m█[31m█[31m█[31m█[31m█[31m█[31m█[31m█[31m█[31m█[31m█[31m█[31m█[31m█[33m█[33m█
[35m█[35m█[35m█[35m█[31m█[31m█[31m█[31m█[31m█[31m█[31m█[31m█[31m█[31m█[33m█[33m█[33m█[33m█
[35m█[35m█[35m█[35m█[35m█[35m█[31m█[31m█[31m█[31m█[31m█[31m█[33m█[33m█[33m█[33m█[33m█[33m█
[35m█[35m█[35m█[35m█[35m█[35m█[35m█[35m█[31m█[31m█[35m█[35m█[33m█[33m█[33m█[33m█[33m█[33m█
[35m█[35m█[35m█[35m█[35m█[35m█[35m█[35m█[35m█[35m█[35m█[35m█[35m█[35m█[33m█[33m█[33m█[33m█
[0m
Visited node 69
[34m█[34m█[34m█[34m█[34m█[34m█[34m█[34m█[34m█[34m█[34m█[34m█[34m█[34m█[34m█[34m█[34m█[34m█
[34m█[34m█[31m█[31m█[31m█[31m█[34m█[34m█[34m█[34m█[34m█[34m█[31m█[31m█[31m█[31m█[34m█[34m█
[31m█[31m█[31m█[31m█[31m█[31m█[31m█[31m█[34m█[34m█[31m█[31m█[31m█[31m█[31m█[31m█[31m█[31m█
[31m█[31m█[31m█[31m█[31m█[31m█[31m█[31m█[31m█[31m█[31m█[31m█[31m█[31m█[31m█[31m█[31m█[31m█
[35m█[35m█[31m█[31m█[31m█[31m█[31m█[31m█[31m█[31m█[31m█[31m█[31m█[31m█[31m█[31m█[33m█[33m█
[35m█[35m█[35m█[35m█[31m█[31m█[31m█[31m█[31m█[31m█[31m█[31m█[31m█[31m█[33m█[33m█[33m█[33m█
[35m█[35m█[35m█[35m█[35m█[35m█[31m█[31m█[31m█[31m█[31m█[31m█[33m█[33m█[33m█[33m█[33m█[33m█
[35m█[35m█[35m█[35m█[35m█[35m█[35m█[35m█[31m█[31m█[35m█[35m█[35m█[35m█[33m█[33m█[33m█[33m█
[35m█[35m█[35m█[35m█[35m█[35m█[35m█[35m█[35m█[35m█[35m█[35m█[35m█[35m█[33m█[33m█[33m█[33m█
[0m
Visited node 79
[34m█[34m█[34m█[34m█[34m█[34m█[34m█[34m█[34m█[34m█[34m█[34m█[34m█[34m█[34m█[34m█[34m█[34m█
[34m█[34m█[31m█[31m█[31m█[31m█[34m█[34m█[34m█[34m█[34m█[34m█[31m█[31m█[31m█[31m█[34m█[34m█
[31m█[31m█[31m█[31m█[31m█[31m█[31m█[31m█[34m█[34m█[31m█[31m█[31m█[31m█[31m█[31m█[31m█[31m█
[31m█[31m█[31m█[31m█[31m█[31m█[31m█[31m█[31m█[31m█[31m█[31m█[31m█[31m█[31m█[31m█[31m█[31m█
[35m█[35m█[31m█[31m█[31m█[31m█[31m█[31m█[31m█[31m█[31m█[31m█[31m█[31m█[31m█[31m█[33m█[33m█
[35m█[35m█[35m█[35m█[31m█[31m█[31m█[31m█[31m█[31m█[31m█[31m█[31m█[31m█[33m█[33m█[33m█[33m█
[35m█[35m█[35m█[35m█[35m█[35m█[31m█[31m█[31m█[31m█[31m█[31m█[33m█[33m█[33m█[33m█[33m█[33m█
[35m█[35m█[35m█[35m█[35m█[35m█[35m█[35m█[31m█[31m█[35m█[35m█[35m█[35m█[33m█[33m█[33m█[33m█
[35m█[35m█[35m█[35m█[35m█[35m█[35m█[35m█[35m█[35m█[35m█[35m█[35m█[35m█[35m█[35m█[33m█[33m█
[0m
Visited node 60
[34m█[34m█[34m█[34m█[34m█[34m█[34m█[34m█[34m█[34m█[34m█[34m█[34m█[34m█[34m█[34m█[34m█[34m█
[34m█[34m█[31m█[31m█[31m█[31m█[34m█[34m█[34m█[34m█[34m█[34m█[31m█[31m█[31m█[31m█[34m█[34m█
[31m█[31m█[31m█[31m█[31m█[31m█[31m█[31m█[34m█[34m█[31m█[31m█[31m█[31m█[31m█[31m█[31m█[31m█
[31m█[31m█[31m█[31m█[31m█[31m█[31m█[31m█[31m█[31m█[31m█[31m█[31m█[31m█[31m█[31m█[31m█[31m█
[35m█[35m█[31m█[31m█[31m█[31m█[31m█[31m█[31m█[31m█[31m█[31m█[31m█[31m█[31m█[31m█[33m█[33m█
[35m█[35m█[35m█[35m█[31m█[31m█[31m█[31m█[31m█[31m█[31m█[31m█[31m█[31m█[33m█[33m█[33m█[33m█
[35m█[35m█[35m█[35m█[35m█[35m█[31m█[31m█[31m█[31m█[31m█[31m█[35m█[35m█[33m█[33m█[33m█[33m█
[35m█[35m█[35m█[35m█[35m█[35m█[35m█[35m█[31m█[31m█[35m█[35m█[35m█[35m█[33m█[33m█[33m█[33m█
[35m█[35m█[35m█[35m█[35m█[35m█[35m█[35m█[35m█[35m█[35m█[35m█[35m█[35m█[35m█[35m█[33m█[33m█
[0m
Visited node 70
[34m█[34m█[34m█[34m█[34m█[34m█[34m█[34m█[34m█[34m█[34m█[34m█[34m█[34m█[34m█[34m█[34m█[34m█
[34m█[34m█[31m█[31m█[31m█[31m█[34m█[34m█[34m█[34m█[34m█[34m█[31m█[31m█[31m█[31m█[34m█[34m█
[31m█[31m█[31m█[31m█[31m█[31m█[31m█[31m█[34m█[34m█[31m█[31m█[31m█[31m█[31m█[31m█[31m█[31m█
[31m█[31m█[31m█[31m█[31m█[31m█[31m█[31m█[31m█[31m█[31m█[31m█[31m█[31m█[31m█[31m█[31m█[31m█
[35m█[35m█[31m█[31m█[31m█[31m█[31m█[31m█[31m█[31m█[31m█[31m█[31m█[31m█[31m█[31m█[33m█[33m█
[35m█[35m█[35m█[35m█[31m█[31m█[31m█[31m█[31m█[31m█[31m█[31m█[31m█[31m█[33m█[33m█[33m█[33m█
[35m█[35m█[35m█[35m█[35m█[35m█[31m█[31m█[31m█[31m█[31m█[31m█[35m█[35m█[33m█[33m█[33m█[33m█
[35m█[35m█[35m█[35m█[35m█[35m█[35m█[35m█[31m█[31m█[35m█[35m█[35m█[35m█[35m█[35m█[33m█[33m█
[35m█[35m█[35m█[35m█[35m█[35m█[35m█[35m█[35m█[35m█[35m█[35m█[35m█[35m█[35m█[35m█[33m█[33m█
[0m
Visited node 80
[34m█[34m█[34m█[34m█[34m█[34m█[34m█[34m█[34m█[34m█[34m█[34m█[34m█[34m█[34m█[34m█[34m█[34m█
[34m█[34m█[31m█[31m█[31m█[31m█[34m█[34m█[34m█[34m█[34m█[34m█[31m█[31m█[31m█[31m█[34m█[34m█
[31m█[31m█[31m█[31m█[31m█[31m█[31m█[31m█[34m█[34m█[31m█[31m█[31m█[31m█[31m█[31m█[31m█[31m█
[31m█[31m█[31m█[31m█[31m█[31m█[31m█[31m█[31m█[31m█[31m█[31m█[31m█[31m█[31m█[31m█[31m█[31m█
[35m█[35m█[31m█[31m█[31m█[31m█[31m█[31m█[31m█[31m█[31m█[31m█[31m█[31m█[31m█[31m█[33m█[33m█
[35m█[35m█[35m█[35m█[31m█[31m█[31m█[31m█[31m█[31m█[31m█[31m█[31m█[31m█[33m█[33m█[33m█[33m█
[35m█[35m█[35m█[35m█[35m█[35m█[31m█[31m█[31m█[31m█[31m█[31m█[35m█[35m█[33m█[33m█[33m█[33m█
[35m█[35m█[35m█[35m█[35m█[35m█[35m█[35m█[31m█[31m█[35m█[35m█[35m█[35m█[35m█[35m█[33m█[33m█
[35m█[35m█[35m█[35m█[35m█[35m█[35m█[35m█[35m█[35m█[35m█[35m█[35m█[35m█[35m█[35m█[35m█[35m█
[0m
Visited node 61
[34m█[34m█[34m█[34m█[34m█[34m█[34m█[34m█[34m█[34m█[34m█[34m█[34m█[34m█[34m█[34m█[34m█[34m█
[34m█[34m█[31m█[31m█[31m█[31m█[34m█[34m█[34m█[34m█[34m█[34m█[31m█[31m█[31m█[31m█[34m█[34m█
[31m█[31m█[31m█[31m█[31m█[31m█[31m█[31m█[34m█[34m█[31m█[31m█[31m█[31m█[31m█[31m█[31m█[31m█
[31m█[31m█[31m█[31m█[31m█[31m█[31m█[31m█[31m█[31m█[31m█[31m█[31m█[31m█[31m█[31m█[31m█[31m█
[35m█[35m█[31m█[31m█[31m█[31m█[31m█[31m█[31m█[31m█[31m█[31m█[31m█[31m█[31m█[31m█[33m█[33m█
[35m█[35m█[35m█[35m█[31m█[31m█[31m█[31m█[31m█[31m█[31m█[31m█[31m█[31m█[33m█[33m█[33m█[33m█
[35m█[35m█[35m█[35m█[35m█[35m█[31m█[31m█[31m█[31m█[31m█[31m█[35m█[35m█[35m█[35m█[33m█[33m█
[35m█[35m█[35m█[35m█[35m█[35m█[35m█[35m█[31m█[31m█[35m█[35m█[35m█[35m█[35m█[35m█[33m█[33m█
[35m█[35m█[35m█[35m█[35m█[35m█[35m█[35m█[35m█[35m█[35m█[35m█[35m█[35m█[35m█[35m█[35m█[35m█
[0m
Visited node 71
[34m█[34m█[34m█[34m█[34m█[34m█[34m█[34m█[34m█[34m█[34m█[34m█[34m█[34m█[34m█[34m█[34m█[34m█
[34m█[34m█[31m█[31m█[31m█[31m█[34m█[34m█[34m█[34m█[34m█[34m█[31m█[31m█[31m█[31m█[34m█[34m█
[31m█[31m█[31m█[31m█[31m█[31m█[31m█[31m█[34m█[34m█[31m█[31m█[31m█[31m█[31m█[31m█[31m█[31m█
[31m█[31m█[31m█[31m█[31m█[31m█[31m█[31m█[31m█[31m█[31m█[31m█[31m█[31m█[31m█[31m█[31m█[31m█
[35m█[35m█[31m█[31m█[31m█[31m█[31m█[31m█[31m█[31m█[31m█[31m█[31m█[31m█[31m█[31m█[33m█[33m█
[35m█[35m█[35m█[35m█[31m█[31m█[31m█[31m█[31m█[31m█[31m█[31m█[31m█[31m█[33m█[33m█[33m█[33m█
[35m█[35m█[35m█[35m█[35m█[35m█[31m█[31m█[31m█[31m█[31m█[31m█[35m█[35m█[35m█[35m█[33m█[33m█
[35m█[35m█[35m█[35m█[35m█[35m█[35m█[35m█[31m█[31m█[35m█[35m█[35m█[35m█[35m█[35m█[35m█[35m█
[35m█[35m█[35m█[35m█[35m█[35m█[35m█[35m█[35m█[35m█[35m█[35m█[35m█[35m█[35m█[35m█[35m█[35m█
[0m
Visited node 52
[34m█[34m█[34m█[34m█[34m█[34m█[34m█[34m█[34m█[34m█[34m█[34m█[34m█[34m█[34m█[34m█[34m█[34m█
[34m█[34m█[31m█[31m█[31m█[31m█[34m█[34m█[34m█[34m█[34m█[34m█[31m█[31m█[31m█[31m█[34m█[34m█
[31m█[31m█[31m█[31m█[31m█[31m█[31m█[31m█[34m█[34m█[31m█[31m█[31m█[31m█[31m█[31m█[31m█[31m█
[31m█[31m█[31m█[31m█[31m█[31m█[31m█[31m█[31m█[31m█[31m█[31m█[31m█[31m█[31m█[31m█[31m█[31m█
[35m█[35m█[31m█[31m█[31m█[31m█[31m█[31m█[31m█[31m█[31m█[31m█[31m█[31m█[31m█[31m█[33m█[33m█
[35m█[35m█[35m█[35m█[31m█[31m█[31m█[31m█[31m█[31m█[31m█[31m█[31m█[31m█[35m█[35m█[33m█[33m█
[35m█[35m█[35m█[35m█[35m█[35m█[31m█[31m█[31m█[31m█[31m█[31m█[35m█[35m█[35m█[35m█[33m█[33m█
[35m█[35m█[35m█[35m█[35m█[35m█[35m█[35m█[31m█[31m█[35m█[35m█[35m█[35m█[35m█[35m█[35m█[35m█
[35m█[35m█[35m█[35m█[35m█[35m█[35m█[35m█[35m█[35m█[35m█[35m█[35m█[35m█[35m█[35m█[35m█[35m█
[0m
Visited node 62
[34m█[34m█[34m█[34m█[34m█[34m█[34m█[34m█[34m█[34m█[34m█[34m█[34m█[34m█[34m█[34m█[34m█[34m█
[34m█[34m█[31m█[31m█[31m█[31m█[34m█[34m█[34m█[34m█[34m█[34m█[31m█[31m█[31m█[31m█[34m█[34m█
[31m█[31m█[31m█[31m█[31m█[31m█[31m█[31m█[34m█[34m█[31m█[31m█[31m█[31m█[31m█[31m█[31m█[31m█
[31m█[31m█[31m█[31m█[31m█[31m█[31m█[31m█[31m█[31m█[31m█[31m█[31m█[31m█[31m█[31m█[31m█[31m█
[35m█[35m█[31m█[31m█[31m█[31m█[31m█[31m█[31m█[31m█[31m█[31m█[31m█[31m█[31m█[31m█[33m█[33m█
[35m█[35m█[35m█[35m█[31m█[31m█[31m█[31m█[31m█[31m█[31m█[31m█[31m█[31m█[35m█[35m█[33m█[33m█
[35m█[35m█[35m█[35m█[35m█[35m█[31m█[31m█[31m█[31m█[31m█[31m█[35m█[35m█[35m█[35m█[35m█[35m█
[35m█[35m█[35m█[35m█[35m█[35m█[35m█[35m█[31m█[31m█[35m█[35m█[35m█[35m█[35m█[35m█[35m█[35m█
[35m█[35m█[35m█[35m█[35m█[35m█[35m█[35m█[35m█[35m█[35m█[35m█[35m█[35m█[35m█[35m█[35m█[35m█
[0m
Visited node 53
[34m█[34m█[34m█[34m█[34m█[34m█[34m█[34m█[34m█[34m█[34m█[34m█[34m█[34m█[34m█[34m█[34m█[34m█
[34m█[34m█[31m█[31m█[31m█[31m█[34m█[34m█[34m█[34m█[34m█[34m█[31m█[31m█[31m█[31m█[34m█[34m█
[31m█[31m█[31m█[31m█[31m█[31m█[31m█[31m█[34m█[34m█[31m█[31m█[31m█[31m█[31m█[31m█[31m█[31m█
[31m█[31m█[31m█[31m█[31m█[31m█[31m█[31m█[31m█[31m█[31m█[31m█[31m█[31m█[31m█[31m█[31m█[31m█
[35m█[35m█[31m█[31m█[31m█[31m█[31m█[31m█[31m█[31m█[31m█[31m█[31m█[31m█[31m█[31m█[33m█[33m█
[35m█[35m█[35m█[35m█[31m█[31m█[31m█[31m█[31m█[31m█[31m█[31m█[31m█[31m█[35m█[35m█[35m█[35m█
[35m█[35m█[35m█[35m█[35m█[35m█[31m█[31m█[31m█[31m█[31m█[31m█[35m█[35m█[35m█[35m█[35m█[35m█
[35m█[35m█[35m█[35m█[35m█[35m█[35m█[35m█[31m█[31m█[35m█[35m█[35m█[35m█[35m█[35m█[35m█[35m█
[35m█[35m█[35m█[35m█[35m█[35m█[35m█[35m█[35m█[35m█[35m█[35m█[35m█[35m█[35m█[35m█[35m█[35m█
[0m
Visited node 44
[34m█[34m█[34m█[34m█[34m█[34m█[34m█[34m█[34m█[34m█[34m█[34m█[34m█[34m█[34m█[34m█[34m█[34m█
[34m█[34m█[31m█[31m█[31m█[31m█[34m█[34m█[34m█[34m█[34m█[34m█[31m█[31m█[31m█[31m█[34m█[34m█
[31m█[31m█[31m█[31m█[31m█[31m█[31m█[31m█[34m█[34m█[31m█[31m█[31m█[31m█[31m█[31m█[31m█[31m█
[31m█[31m█[31m█[31m█[31m█[31m█[31m█[31m█[31m█[31m█[31m█[31m█[31m█[31m█[31m█[31m█[31m█[31m█
[35m█[35m█[31m█[31m█[31m█[31m█[31m█[31m█[31m█[31m█[31m█[31m█[31m█[31m█[31m█[31m█[35m█[35m█
[35m█[35m█[35m█[35m█[31m█[31m█[31m█[31m█[31m█[31m█[31m█[31m█[31m█[31m█[35m█[35m█[35m█[35m█
[35m█[35m█[35m█[35m█[35m█[35m█[31m█[31m█[31m█[31m█[31m█[31m█[35m█[35m█[35m█[35m█[35m█[35m█
[35m█[35m█[35m█[35m█[35m█[35m█[35m█[35m█[31m█[31m█[35m█[35m█[35m█[35m█[35m█[35m█[35m█[35m█
[35m█[35m█[35m█[35m█[35m█[35m█[35m█[35m█[35m█[35m█[35m█[35m█[35m█[35m█[35m█[35m█[35m█[35m█
[0m
Starting DFS; initial state:
[34m█[34m█[34m█[34m█[34m█[34m█[34m█[34m█[34m█[34m█[34m█[34m█[34m█[34m█[34m█[34m█[34m█[34m█
[34m█[34m█[31m█[31m█[31m█[31m█[34m█[34m█[34m█[34m█[34m█[34m█[31m█[31m█[31m█[31m█[34m█[34m█
[31m█[31m█[31m█[31m█[31m█[31m█[31m█[31m█[34m█[34m█[31m█[31m█[31m█[31m█[31m█[31m█[31m█[31m█
[31m█[31m█[31m█[31m█[31m█[31m█[31m█[31m█[31m█[31m█[31m█[31m█[31m█[31m█[31m█[31m█[31m█[31m█
[33m█[33m█[31m█[31m█[31m█[31m█[31m█[31m█[31m█[31m█[31m█[31m█[31m█[31m█[31m█[31m█[33m█[33m█
[33m█[33m█[33m█[33m█[31m█[31m█[31m█[31m█[31m█[31m█[31m█[31m█[31m█[31m█[33m█[33m█[33m█[33m█
[33m█[33m█[33m█[33m█[33m█[33m█[31m█[31m█[31m█[31m█[31m█[31m█[33m█[33m█[33m█[33m█[33m█[33m█
[33m█[33m█[33m█[33m█[33m█[33m█[33m█[33m█[31m█[31m█[33m█[33m█[33m█[33m█[33m█[33m█[33m█[33m█
[33m█[33m█[33m█[33m█[33m█[33m█[33m█[33m█[33m█[33m█[33m█[33m█[33m█[33m█[33m█[33m█[33m█[33m█
[0m
Visited node 45
[34m█[34m█[34m█[34m█[34m█[34m█[34m█[34m█[34m█[34m█[34m█[34m█[34m█[34m█[34m█[34m█[34m█[34m█
[34m█[34m█[31m█[31m█[31m█[31m█[34m█[34m█[34m█[34m█[34m█[34m█[31m█[31m█[31m█[31m█[34m█[34m█
[31m█[31m█[31m█[31m█[31m█[31m█[31m█[31m█[34m█[34m█[31m█[31m█[31m█[31m█[31m█[31m█[31m█[31m█
[31m█[31m█[31m█[31m█[31m█[31m█[31m█[31m█[31m█[31m█[31m█[31m█[31m█[31m█[31m█[31m█[31m█[31m█
[33m█[33m█[31m█[31m█[31m█[31m█[31m█[31m█[31m█[31m█[31m█[31m█[31m█[31m█[31m█[31m█[33m█[33m█
[35m█[35m█[33m█[33m█[31m█[31m█[31m█[31m█[31m█[31m█[31m█[31m█[31m█[31m█[33m█[33m█[33m█[33m█
[33m█[33m█[33m█[33m█[33m█[33m█[31m█[31m█[31m█[31m█[31m█[31m█[33m█[33m█[33m█[33m█[33m█[33m█
[33m█[33m█[33m█[33m█[33m█[33m█[33m█[33m█[31m█[31m█[33m█[33m█[33m█[33m█[33m█[33m█[33m█[33m█
[33m█[33m█[33m█[33m█[33m█[33m█[33m█[33m█[33m█[33m█[33m█[33m█[33m█[33m█[33m█[33m█[33m█[33m█
[0m
Visited node 36
[34m█[34m█[34m█[34m█[34m█[34m█[34m█[34m█[34m█[34m█[34m█[34m█[34m█[34m█[34m█[34m█[34m█[34m█
[34m█[34m█[31m█[31m█[31m█[31m█[34m█[34m█[34m█[34m█[34m█[34m█[31m█[31m█[31m█[31m█[34m█[34m█
[31m█[31m█[31m█[31m█[31m█[31m█[31m█[31m█[34m█[34m█[31m█[31m█[31m█[31m█[31m█[31m█[31m█[31m█
[31m█[31m█[31m█[31m█[31m█[31m█[31m█[31m█[31m█[31m█[31m█[31m█[31m█[31m█[31m█[31m█[31m█[31m█
[35m█[35m█[31m█[31m█[31m█[31m█[31m█[31m█[31m█[31m█[31m█[31m█[31m█[31m█[31m█[31m█[33m█[33m█
[35m█[35m█[33m█[33m█[31m█[31m█[31m█[31m█[31m█[31m█[31m█[31m█[31m█[31m█[33m█[33m█[33m█[33m█
[33m█[33m█[33m█[33m█[33m█[33m█[31m█[31m█[31m█[31m█[31m█[31m█[33m█[33m█[33m█[33m█[33m█[33m█
[33m█[33m█[33m█[33m█[33m█[33m█[33m█[33m█[31m█[31m█[33m█[33m█[33m█[33m█[33m█[33m█[33m█[33m█
[33m█[33m█[33m█[33m█[33m█[33m█[33m█[33m█[33m█[33m█[33m█[33m█[33m█[33m█[33m█[33m█[33m█[33m█
[0m
Visited node 46
[34m█[34m█[34m█[34m█[34m█[34m█[34m█[34m█[34m█[34m█[34m█[34m█[34m█[34m█[34m█[34m█[34m█[34m█
[34m█[34m█[31m█[31m█[31m█[31m█[34m█[34m█[34m█[34m█[34m█[34m█[31m█[31m█[31m█[31m█[34m█[34m█
[31m█[31m█[31m█[31m█[31m█[31m█[31m█[31m█[34m█[34m█[31m█[31m█[31m█[31m█[31m█[31m█[31m█[31m█
[31m█[31m█[31m█[31m█[31m█[31m█[31m█[31m█[31m█[31m█[31m█[31m█[31m█[31m█[31m█[31m█[31m█[31m█
[35m█[35m█[31m█[31m█[31m█[31m█[31m█[31m█[31m█[31m█[31m█[31m█[31m█[31m█[31m█[31m█[33m█[33m█
[35m█[35m█[35m█[35m█[31m█[31m█[31m█[31m█[31m█[31m█[31m█[31m█[31m█[31m█[33m█[33m█[33m█[33m█
[33m█[33m█[33m█[33m█[33m█[33m█[31m█[31m█[31m█[31m█[31m█[31m█[33m█[33m█[33m█[33m█[33m█[33m█
[33m█[33m█[33m█[33m█[33m█[33m█[33m█[33m█[31m█[31m█[33m█[33m█[33m█[33m█[33m█[33m█[33m█[33m█
[33m█[33m█[33m█[33m█[33m█[33m█[33m█[33m█[33m█[33m█[33m█[33m█[33m█[33m█[33m█[33m█[33m█[33m█
[0m
Visited node 55
[34m█[34m█[34m█[34m█[34m█[34m█[34m█[34m█[34m█[34m█[34m█[34m█[34m█[34m█[34m█[34m█[34m█[34m█
[34m█[34m█[31m█[31m█[31m█[31m█[34m█[34m█[34m█[34m█[34m█[34m█[31m█[31m█[31m█[31m█[34m█[34m█
[31m█[31m█[31m█[31m█[31m█[31m█[31m█[31m█[34m█[34m█[31m█[31m█[31m█[31m█[31m█[31m█[31m█[31m█
[31m█[31m█[31m█[31m█[31m█[31m█[31m█[31m█[31m█[31m█[31m█[31m█[31m█[31m█[31m█[31m█[31m█[31m█
[35m█[35m█[31m█[31m█[31m█[31m█[31m█[31m█[31m█[31m█[31m█[31m█[31m█[31m█[31m█[31m█[33m█[33m█
[35m█[35m█[35m█[35m█[31m█[31m█[31m█[31m█[31m█[31m█[31m█[31m█[31m█[31m█[33m█[33m█[33m█[33m█
[33m█[33m█[35m█[35m█[33m█[33m█[31m█[31m█[31m█[31m█[31m█[31m█[33m█[33m█[33m█[33m█[33m█[33m█
[33m█[33m█[33m█[33m█[33m█[33m█[33m█[33m█[31m█[31m█[33m█[33m█[33m█[33m█[33m█[33m█[33m█[33m█
[33m█[33m█[33m█[33m█[33m█[33m█[33m█[33m█[33m█[33m█[33m█[33m█[33m█[33m█[33m█[33m█[33m█[33m█
[0m
Visited node 54
[34m█[34m█[34m█[34m█[34m█[34m█[34m█[34m█[34m█[34m█[34m█[34m█[34m█[34m█[34m█[34m█[34m█[34m█
[34m█[34m█[31m█[31m█[31m█[31m█[34m█[34m█[34m█[34m█[34m█[34m█[31m█[31m█[31m█[31m█[34m█[34m█
[31m█[31m█[31m█[31m█[31m█[31m█[31m█[31m█[34m█[34m█[31m█[31m█[31m█[31m█[31m█[31m█[31m█[31m█
[31m█[31m█[31m█[31m█[31m█[31m█[31m█[31m█[31m█[31m█[31m█[31m█[31m█[31m█[31m█[31m█[31m█[31m█
[35m█[35m█[31m█[31m█[31m█[31m█[31m█[31m█[31m█[31m█[31m█[31m█[31m█[31m█[31m█[31m█[33m█[33m█
[35m█[35m█[35m█[35m█[31m█[31m█[31m█[31m█[31m█[31m█[31m█[31m█[31m█[31m█[33m█[33m█[33m█[33m█
[35m█[35m█[35m█[35m█[33m█[33m█[31m█[31m█[31m█[31m█[31m█[31m█[33m█[33m█[33m█[33m█[33m█[33m█
[33m█[33m█[33m█[33m█[33m█[33m█[33m█[33m█[31m█[31m█[33m█[33m█[33m█[33m█[33m█[33m█[33m█[33m█
[33m█[33m█[33m█[33m█[33m█[33m█[33m█[33m█[33m█[33m█[33m█[33m█[33m█[33m█[33m█[33m█[33m█[33m█
[0m
Visited node 63
[34m█[34m█[34m█[34m█[34m█[34m█[34m█[34m█[34m█[34m█[34m█[34m█[34m█[34m█[34m█[34m█[34m█[34m█
[34m█[34m█[31m█[31m█[31m█[31m█[34m█[34m█[34m█[34m█[34m█[34m█[31m█[31m█[31m█[31m█[34m█[34m█
[31m█[31m█[31m█[31m█[31m█[31m█[31m█[31m█[34m█[34m█[31m█[31m█[31m█[31m█[31m█[31m█[31m█[31m█
[31m█[31m█[31m█[31m█[31m█[31m█[31m█[31m█[31m█[31m█[31m█[31m█[31m█[31m█[31m█[31m█[31m█[31m█
[35m█[35m█[31m█[31m█[31m█[31m█[31m█[31m█[31m█[31m█[31m█[31m█[31m█[31m█[31m█[31m█[33m█[33m█
[35m█[35m█[35m█[35m█[31m█[31m█[31m█[31m█[31m█[31m█[31m█[31m█[31m█[31m█[33m█[33m█[33m█[33m█
[35m█[35m█[35m█[35m█[33m█[33m█[31m█[31m█[31m█[31m█[31m█[31m█[33m█[33m█[33m█[33m█[33m█[33m█
[35m█[35m█[33m█[33m█[33m█[33m█[33m█[33m█[31m█[31m█[33m█[33m█[33m█[33m█[33m█[33m█[33m█[33m█
[33m█[33m█[33m█[33m█[33m█[33m█[33m█[33m█[33m█[33m█[33m█[33m█[33m█[33m█[33m█[33m█[33m█[33m█
[0m
Visited node 64
[34m█[34m█[34m█[34m█[34m█[34m█[34m█[34m█[34m█[34m█[34m█[34m█[34m█[34m█[34m█[34m█[34m█[34m█
[34m█[34m█[31m█[31m█[31m█[31m█[34m█[34m█[34m█[34m█[34m█[34m█[31m█[31m█[31m█[31m█[34m█[34m█
[31m█[31m█[31m█[31m█[31m█[31m█[31m█[31m█[34m█[34m█[31m█[31m█[31m█[31m█[31m█[31m█[31m█[31m█
[31m█[31m█[31m█[31m█[31m█[31m█[31m█[31m█[31m█[31m█[31m█[31m█[31m█[31m█[31m█[31m█[31m█[31m█
[35m█[35m█[31m█[31m█[31m█[31m█[31m█[31m█[31m█[31m█[31m█[31m█[31m█[31m█[31m█[31m█[33m█[33m█
[35m█[35m█[35m█[35m█[31m█[31m█[31m█[31m█[31m█[31m█[31m█[31m█[31m█[31m█[33m█[33m█[33m█[33m█
[35m█[35m█[35m█[35m█[33m█[33m█[31m█[31m█[31m█[31m█[31m█[31m█[33m█[33m█[33m█[33m█[33m█[33m█
[35m█[35m█[35m█[35m█[33m█[33m█[33m█[33m█[31m█[31m█[33m█[33m█[33m█[33m█[33m█[33m█[33m█[33m█
[33m█[33m█[33m█[33m█[33m█[33m█[33m█[33m█[33m█[33m█[33m█[33m█[33m█[33m█[33m█[33m█[33m█[33m█
[0m
Visited node 65
[34m█[34m█[34m█[34m█[34m█[34m█[34m█[34m█[34m█[34m█[34m█[34m█[34m█[34m█[34m█[34m█[34m█[34m█
[34m█[34m█[31m█[31m█[31m█[31m█[34m█[34m█[34m█[34m█[34m█[34m█[31m█[31m█[31m█[31m█[34m█[34m█
[31m█[31m█[31m█[31m█[31m█[31m█[31m█[31m█[34m█[34m█[31m█[31m█[31m█[31m█[31m█[31m█[31m█[31m█
[31m█[31m█[31m█[31m█[31m█[31m█[31m█[31m█[31m█[31m█[31m█[31m█[31m█[31m█[31m█[31m█[31m█[31m█
[35m█[35m█[31m█[31m█[31m█[31m█[31m█[31m█[31m█[31m█[31m█[31m█[31m█[31m█[31m█[31m█[33m█[33m█
[35m█[35m█[35m█[35m█[31m█[31m█[31m█[31m█[31m█[31m█[31m█[31m█[31m█[31m█[33m█[33m█[33m█[33m█
[35m█[35m█[35m█[35m█[33m█[33m█[31m█[31m█[31m█[31m█[31m█[31m█[33m█[33m█[33m█[33m█[33m█[33m█
[35m█[35m█[35m█[35m█[35m█[35m█[33m█[33m█[31m█[31m█[33m█[33m█[33m█[33m█[33m█[33m█[33m█[33m█
[33m█[33m█[33m█[33m█[33m█[33m█[33m█[33m█[33m█[33m█[33m█[33m█[33m█[33m█[33m█[33m█[33m█[33m█
[0m
Visited node 56
[34m█[34m█[34m█[34m█[34m█[34m█[34m█[34m█[34m█[34m█[34m█[34m█[34m█[34m█[34m█[34m█[34m█[34m█
[34m█[34m█[31m█[31m█[31m█[31m█[34m█[34m█[34m█[34m█[34m█[34m█[31m█[31m█[31m█[31m█[34m█[34m█
[31m█[31m█[31m█[31m█[31m█[31m█[31m█[31m█[34m█[34m█[31m█[31m█[31m█[31m█[31m█[31m█[31m█[31m█
[31m█[31m█[31m█[31m█[31m█[31m█[31m█[31m█[31m█[31m█[31m█[31m█[31m█[31m█[31m█[31m█[31m█[31m█
[35m█[35m█[31m█[31m█[31m█[31m█[31m█[31m█[31m█[31m█[31m█[31m█[31m█[31m█[31m█[31m█[33m█[33m█
[35m█[35m█[35m█[35m█[31m█[31m█[31m█[31m█[31m█[31m█[31m█[31m█[31m█[31m█[33m█[33m█[33m█[33m█
[35m█[35m█[35m█[35m█[35m█[35m█[31m█[31m█[31m█[31m█[31m█[31m█[33m█[33m█[33m█[33m█[33m█[33m█
[35m█[35m█[35m█[35m█[35m█[35m█[33m█[33m█[31m█[31m█[33m█[33m█[33m█[33m█[33m█[33m█[33m█[33m█
[33m█[33m█[33m█[33m█[33m█[33m█[33m█[33m█[33m█[33m█[33m█[33m█[33m█[33m█[33m█[33m█[33m█[33m█
[0m
Visited node 66
[34m█[34m█[34m█[34m█[34m█[34m█[34m█[34m█[34m█[34m█[34m█[34m█[34m█[34m█[34m█[34m█[34m█[34m█
[34m█[34m█[31m█[31m█[31m█[31m█[34m█[34m█[34m█[34m█[34m█[34m█[31m█[31m█[31m█[31m█[34m█[34m█
[31m█[31m█[31m█[31m█[31m█[31m█[31m█[31m█[34m█[34m█[31m█[31m█[31m█[31m█[31m█[31m█[31m█[31m█
[31m█[31m█[31m█[31m█[31m█[31m█[31m█[31m█[31m█[31m█[31m█[31m█[31m█[31m█[31m█[31m█[31m█[31m█
[35m█[35m█[31m█[31m█[31m█[31m█[31m█[31m█[31m█[31m█[31m█[31m█[31m█[31m█[31m█[31m█[33m█[33m█
[35m█[35m█[35m█[35m█[31m█[31m█[31m█[31m█[31m█[31m█[31m█[31m█[31m█[31m█[33m█[33m█[33m█[33m█
[35m█[35m█[35m█[35m█[35m█[35m█[31m█[31m█[31m█[31m█[31m█[31m█[33m█[33m█[33m█[33m█[33m█[33m█
[35m█[35m█[35m█[35m█[35m█[35m█[35m█[35m█[31m█[31m█[33m█[33m█[33m█[33m█[33m█[33m█[33m█[33m█
[33m█[33m█[33m█[33m█[33m█[33m█[33m█[33m█[33m█[33m█[33m█[33m█[33m█[33m█[33m█[33m█[33m█[33m█
[0m
Visited node 75
[34m█[34m█[34m█[34m█[34m█[34m█[34m█[34m█[34m█[34m█[34m█[34m█[34m█[34m█[34m█[34m█[34m█[34m█
[34m█[34m█[31m█[31m█[31m█[31m█[34m█[34m█[34m█[34m█[34m█[34m█[31m█[31m█[31m█[31m█[34m█[34m█
[31m█[31m█[31m█[31m█[31m█[31m█[31m█[31m█[34m█[34m█[31m█[31m█[31m█[31m█[31m█[31m█[31m█[31m█
[31m█[31m█[31m█[31m█[31m█[31m█[31m█[31m█[31m█[31m█[31m█[31m█[31m█[31m█[31m█[31m█[31m█[31m█
[35m█[35m█[31m█[31m█[31m█[31m█[31m█[31m█[31m█[31m█[31m█[31m█[31m█[31m█[31m█[31m█[33m█[33m█
[35m█[35m█[35m█[35m█[31m█[31m█[31m█[31m█[31m█[31m█[31m█[31m█[31m█[31m█[33m█[33m█[33m█[33m█
[35m█[35m█[35m█[35m█[35m█[35m█[31m█[31m█[31m█[31m█[31m█[31m█[33m█[33m█[33m█[33m█[33m█[33m█
[35m█[35m█[35m█[35m█[35m█[35m█[35m█[35m█[31m█[31m█[33m█[33m█[33m█[33m█[33m█[33m█[33m█[33m█
[33m█[33m█[33m█[33m█[33m█[33m█[35m█[35m█[33m█[33m█[33m█[33m█[33m█[33m█[33m█[33m█[33m█[33m█
[0m
Visited node 74
[34m█[34m█[34m█[34m█[34m█[34m█[34m█[34m█[34m█[34m█[34m█[34m█[34m█[34m█[34m█[34m█[34m█[34m█
[34m█[34m█[31m█[31m█[31m█[31m█[34m█[34m█[34m█[34m█[34m█[34m█[31m█[31m█[31m█[31m█[34m█[34m█
[31m█[31m█[31m█[31m█[31m█[31m█[31m█[31m█[34m█[34m█[31m█[31m█[31m█[31m█[31m█[31m█[31m█[31m█
[31m█[31m█[31m█[31m█[31m█[31m█[31m█[31m█[31m█[31m█[31m█[31m█[31m█[31m█[31m█[31m█[31m█[31m█
[35m█[35m█[31m█[31m█[31m█[31m█[31m█[31m█[31m█[31m█[31m█[31m█[31m█[31m█[31m█[31m█[33m█[33m█
[35m█[35m█[35m█[35m█[31m█[31m█[31m█[31m█[31m█[31m█[31m█[31m█[31m█[31m█[33m█[33m█[33m█[33m█
[35m█[35m█[35m█[35m█[35m█[35m█[31m█[31m█[31m█[31m█[31m█[31m█[33m█[33m█[33m█[33m█[33m█[33m█
[35m█[35m█[35m█[35m█[35m█[35m█[35m█[35m█[31m█[31m█[33m█[33m█[33m█[33m█[33m█[33m█[33m█[33m█
[33m█[33m█[33m█[33m█[35m█[35m█[35m█[35m█[33m█[33m█[33m█[33m█[33m█[33m█[33m█[33m█[33m█[33m█
[0m
Visited node 73
[34m█[34m█[34m█[34m█[34m█[34m█[34m█[34m█[34m█[34m█[34m█[34m█[34m█[34m█[34m█[34m█[34m█[34m█
[34m█[34m█[31m█[31m█[31m█[31m█[34m█[34m█[34m█[34m█[34m█[34m█[31m█[31m█[31m█[31m█[34m█[34m█
[31m█[31m█[31m█[31m█[31m█[31m█[31m█[31m█[34m█[34m█[31m█[31m█[31m█[31m█[31m█[31m█[31m█[31m█
[31m█[31m█[31m█[31m█[31m█[31m█[31m█[31m█[31m█[31m█[31m█[31m█[31m█[31m█[31m█[31m█[31m█[31m█
[35m█[35m█[31m█[31m█[31m█[31m█[31m█[31m█[31m█[31m█[31m█[31m█[31m█[31m█[31m█[31m█[33m█[33m█
[35m█[35m█[35m█[35m█[31m█[31m█[31m█[31m█[31m█[31m█[31m█[31m█[31m█[31m█[33m█[33m█[33m█[33m█
[35m█[35m█[35m█[35m█[35m█[35m█[31m█[31m█[31m█[31m█[31m█[31m█[33m█[33m█[33m█[33m█[33m█[33m█
[35m█[35m█[35m█[35m█[35m█[35m█[35m█[35m█[31m█[31m█[33m█[33m█[33m█[33m█[33m█[33m█[33m█[33m█
[33m█[33m█[35m█[35m█[35m█[35m█[35m█[35m█[33m█[33m█[33m█[33m█[33m█[33m█[33m█[33m█[33m█[33m█
[0m
Visited node 72
[34m█[34m█[34m█[34m█[34m█[34m█[34m█[34m█[34m█[34m█[34m█[34m█[34m█[34m█[34m█[34m█[34m█[34m█
[34m█[34m█[31m█[31m█[31m█[31m█[34m█[34m█[34m█[34m█[34m█[34m█[31m█[31m█[31m█[31m█[34m█[34m█
[31m█[31m█[31m█[31m█[31m█[31m█[31m█[31m█[34m█[34m█[31m█[31m█[31m█[31m█[31m█[31m█[31m█[31m█
[31m█[31m█[31m█[31m█[31m█[31m█[31m█[31m█[31m█[31m█[31m█[31m█[31m█[31m█[31m█[31m█[31m█[31m█
[35m█[35m█[31m█[31m█[31m█[31m█[31m█[31m█[31m█[31m█[31m█[31m█[31m█[31m█[31m█[31m█[33m█[33m█
[35m█[35m█[35m█[35m█[31m█[31m█[31m█[31m█[31m█[31m█[31m█[31m█[31m█[31m█[33m█[33m█[33m█[33m█
[35m█[35m█[35m█[35m█[35m█[35m█[31m█[31m█[31m█[31m█[31m█[31m█[33m█[33m█[33m█[33m█[33m█[33m█
[35m█[35m█[35m█[35m█[35m█[35m█[35m█[35m█[31m█[31m█[33m█[33m█[33m█[33m█[33m█[33m█[33m█[33m█
[35m█[35m█[35m█[35m█[35m█[35m█[35m█[35m█[33m█[33m█[33m█[33m█[33m█[33m█[33m█[33m█[33m█[33m█
[0m
Visited node 76
[34m█[34m█[34m█[34m█[34m█[34m█[34m█[34m█[34m█[34m█[34m█[34m█[34m█[34m█[34m█[34m█[34m█[34m█
[34m█[34m█[31m█[31m█[31m█[31m█[34m█[34m█[34m█[34m█[34m█[34m█[31m█[31m█[31m█[31m█[34m█[34m█
[31m█[31m█[31m█[31m█[31m█[31m█[31m█[31m█[34m█[34m█[31m█[31m█[31m█[31m█[31m█[31m█[31m█[31m█
[31m█[31m█[31m█[31m█[31m█[31m█[31m█[31m█[31m█[31m█[31m█[31m█[31m█[31m█[31m█[31m█[31m█[31m█
[35m█[35m█[31m█[31m█[31m█[31m█[31m█[31m█[31m█[31m█[31m█[31m█[31m█[31m█[31m█[31m█[33m█[33m█
[35m█[35m█[35m█[35m█[31m█[31m█[31m█[31m█[31m█[31m█[31m█[31m█[31m█[31m█[33m█[33m█[33m█[33m█
[35m█[35m█[35m█[35m█[35m█[35m█[31m█[31m█[31m█[31m█[31m█[31m█[33m█[33m█[33m█[33m█[33m█[33m█
[35m█[35m█[35m█[35m█[35m█[35m█[35m█[35m█[31m█[31m█[33m█[33m█[33m█[33m█[33m█[33m█[33m█[33m█
[35m█[35m█[35m█[35m█[35m█[35m█[35m█[35m█[35m█[35m█[33m█[33m█[33m█[33m█[33m█[33m█[33m█[33m█
[0m
Visited node 77
[34m█[34m█[34m█[34m█[34m█[34m█[34m█[34m█[34m█[34m█[34m█[34m█[34m█[34m█[34m█[34m█[34m█[34m█
[34m█[34m█[31m█[31m█[31m█[31m█[34m█[34m█[34m█[34m█[34m█[34m█[31m█[31m█[31m█[31m█[34m█[34m█
[31m█[31m█[31m█[31m█[31m█[31m█[31m█[31m█[34m█[34m█[31m█[31m█[31m█[31m█[31m█[31m█[31m█[31m█
[31m█[31m█[31m█[31m█[31m█[31m█[31m█[31m█[31m█[31m█[31m█[31m█[31m█[31m█[31m█[31m█[31m█[31m█
[35m█[35m█[31m█[31m█[31m█[31m█[31m█[31m█[31m█[31m█[31m█[31m█[31m█[31m█[31m█[31m█[33m█[33m█
[35m█[35m█[35m█[35m█[31m█[31m█[31m█[31m█[31m█[31m█[31m█[31m█[31m█[31m█[33m█[33m█[33m█[33m█
[35m█[35m█[35m█[35m█[35m█[35m█[31m█[31m█[31m█[31m█[31m█[31m█[33m█[33m█[33m█[33m█[33m█[33m█
[35m█[35m█[35m█[35m█[35m█[35m█[35m█[35m█[31m█[31m█[33m█[33m█[33m█[33m█[33m█[33m█[33m█[33m█
[35m█[35m█[35m█[35m█[35m█[35m█[35m█[35m█[35m█[35m█[35m█[35m█[33m█[33m█[33m█[33m█[33m█[33m█
[0m
Visited node 68
[34m█[34m█[34m█[34m█[34m█[34m█[34m█[34m█[34m█[34m█[34m█[34m█[34m█[34m█[34m█[34m█[34m█[34m█
[34m█[34m█[31m█[31m█[31m█[31m█[34m█[34m█[34m█[34m█[34m█[34m█[31m█[31m█[31m█[31m█[34m█[34m█
[31m█[31m█[31m█[31m█[31m█[31m█[31m█[31m█[34m█[34m█[31m█[31m█[31m█[31m█[31m█[31m█[31m█[31m█
[31m█[31m█[31m█[31m█[31m█[31m█[31m█[31m█[31m█[31m█[31m█[31m█[31m█[31m█[31m█[31m█[31m█[31m█
[35m█[35m█[31m█[31m█[31m█[31m█[31m█[31m█[31m█[31m█[31m█[31m█[31m█[31m█[31m█[31m█[33m█[33m█
[35m█[35m█[35m█[35m█[31m█[31m█[31m█[31m█[31m█[31m█[31m█[31m█[31m█[31m█[33m█[33m█[33m█[33m█
[35m█[35m█[35m█[35m█[35m█[35m█[31m█[31m█[31m█[31m█[31m█[31m█[33m█[33m█[33m█[33m█[33m█[33m█
[35m█[35m█[35m█[35m█[35m█[35m█[35m█[35m█[31m█[31m█[35m█[35m█[33m█[33m█[33m█[33m█[33m█[33m█
[35m█[35m█[35m█[35m█[35m█[35m█[35m█[35m█[35m█[35m█[35m█[35m█[33m█[33m█[33m█[33m█[33m█[33m█
[0m
Visited node 69
[34m█[34m█[34m█[34m█[34m█[34m█[34m█[34m█[34m█[34m█[34m█[34m█[34m█[34m█[34m█[34m█[34m█[34m█
[34m█[34m█[31m█[31m█[31m█[31m█[34m█[34m█[34m█[34m█[34m█[34m█[31m█[31m█[31m█[31m█[34m█[34m█
[31m█[31m█[31m█[31m█[31m█[31m█[31m█[31m█[34m█[34m█[31m█[31m█[31m█[31m█[31m█[31m█[31m█[31m█
[31m█[31m█[31m█[31m█[31m█[31m█[31m█[31m█[31m█[31m█[31m█[31m█[31m█[31m█[31m█[31m█[31m█[31m█
[35m█[35m█[31m█[31m█[31m█[31m█[31m█[31m█[31m█[31m█[31m█[31m█[31m█[31m█[31m█[31m█[33m█[33m█
[35m█[35m█[35m█[35m█[31m█[31m█[31m█[31m█[31m█[31m█[31m█[31m█[31m█[31m█[33m█[33m█[33m█[33m█
[35m█[35m█[35m█[35m█[35m█[35m█[31m█[31m█[31m█[31m█[31m█[31m█[33m█[33m█[33m█[33m█[33m█[33m█
[35m█[35m█[35m█[35m█[35m█[35m█[35m█[35m█[31m█[31m█[35m█[35m█[35m█[35m█[33m█[33m█[33m█[33m█
[35m█[35m█[35m█[35m█[35m█[35m█[35m█[35m█[35m█[35m█[35m█[35m█[33m█[33m█[33m█[33m█[33m█[33m█
[0m
Visited node 60
[34m█[34m█[34m█[34m█[34m█[34m█[34m█[34m█[34m█[34m█[34m█[34m█[34m█[34m█[34m█[34m█[34m█[34m█
[34m█[34m█[31m█[31m█[31m█[31m█[34m█[34m█[34m█[34m█[34m█[34m█[31m█[31m█[31m█[31m█[34m█[34m█
[31m█[31m█[31m█[31m█[31m█[31m█[31m█[31m█[34m█[34m█[31m█[31m█[31m█[31m█[31m█[31m█[31m█[31m█
[31m█[31m█[31m█[31m█[31m█[31m█[31m█[31m█[31m█[31m█[31m█[31m█[31m█[31m█[31m█[31m█[31m█[31m█
[35m█[35m█[31m█[31m█[31m█[31m█[31m█[31m█[31m█[31m█[31m█[31m█[31m█[31m█[31m█[31m█[33m█[33m█
[35m█[35m█[35m█[35m█[31m█[31m█[31m█[31m█[31m█[31m█[31m█[31m█[31m█[31m█[33m█[33m█[33m█[33m█
[35m█[35m█[35m█[35m█[35m█[35m█[31m█[31m█[31m█[31m█[31m█[31m█[35m█[35m█[33m█[33m█[33m█[33m█
[35m█[35m█[35m█[35m█[35m█[35m█[35m█[35m█[31m█[31m█[35m█[35m█[35m█[35m█[33m█[33m█[33m█[33m█
[35m█[35m█[35m█[35m█[35m█[35m█[35m█[35m█[35m█[35m█[35m█[35m█[33m█[33m█[33m█[33m█[33m█[33m█
[0m
Visited node 61
[34m█[34m█[34m█[34m█[34m█[34m█[34m█[34m█[34m█[34m█[34m█[34m█[34m█[34m█[34m█[34m█[34m█[34m█
[34m█[34m█[31m█[31m█[31m█[31m█[34m█[34m█[34m█[34m█[34m█[34m█[31m█[31m█[31m█[31m█[34m█[34m█
[31m█[31m█[31m█[31m█[31m█[31m█[31m█[31m█[34m█[34m█[31m█[31m█[31m█[31m█[31m█[31m█[31m█[31m█
[31m█[31m█[31m█[31m█[31m█[31m█[31m█[31m█[31m█[31m█[31m█[31m█[31m█[31m█[31m█[31m█[31m█[31m█
[35m█[35m█[31m█[31m█[31m█[31m█[31m█[31m█[31m█[31m█[31m█[31m█[31m█[31m█[31m█[31m█[33m█[33m█
[35m█[35m█[35m█[35m█[31m█[31m█[31m█[31m█[31m█[31m█[31m█[31m█[31m█[31m█[33m█[33m█[33m█[33m█
[35m█[35m█[35m█[35m█[35m█[35m█[31m█[31m█[31m█[31m█[31m█[31m█[35m█[35m█[35m█[35m█[33m█[33m█
[35m█[35m█[35m█[35m█[35m█[35m█[35m█[35m█[31m█[31m█[35m█[35m█[35m█[35m█[33m█[33m█[33m█[33m█
[35m█[35m█[35m█[35m█[35m█[35m█[35m█[35m█[35m█[35m█[35m█[35m█[33m█[33m█[33m█[33m█[33m█[33m█
[0m
Visited node 52
[34m█[34m█[34m█[34m█[34m█[34m█[34m█[34m█[34m█[34m█[34m█[34m█[34m█[34m█[34m█[34m█[34m█[34m█
[34m█[34m█[31m█[31m█[31m█[31m█[34m█[34m█[34m█[34m█[34m█[34m█[31m█[31m█[31m█[31m█[34m█[34m█
[31m█[31m█[31m█[31m█[31m█[31m█[31m█[31m█[34m█[34m█[31m█[31m█[31m█[31m█[31m█[31m█[31m█[31m█
[31m█[31m█[31m█[31m█[31m█[31m█[31m█[31m█[31m█[31m█[31m█[31m█[31m█[31m█[31m█[31m█[31m█[31m█
[35m█[35m█[31m█[31m█[31m█[31m█[31m█[31m█[31m█[31m█[31m█[31m█[31m█[31m█[31m█[31m█[33m█[33m█
[35m█[35m█[35m█[35m█[31m█[31m█[31m█[31m█[31m█[31m█[31m█[31m█[31m█[31m█[35m█[35m█[33m█[33m█
[35m█[35m█[35m█[35m█[35m█[35m█[31m█[31m█[31m█[31m█[31m█[31m█[35m█[35m█[35m█[35m█[33m█[33m█
[35m█[35m█[35m█[35m█[35m█[35m█[35m█[35m█[31m█[31m█[35m█[35m█[35m█[35m█[33m█[33m█[33m█[33m█
[35m█[35m█[35m█[35m█[35m█[35m█[35m█[35m█[35m█[35m█[35m█[35m█[33m█[33m█[33m█[33m█[33m█[33m█
[0m
Visited node 53
[34m█[34m█[34m█[34m█[34m█[34m█[34m█[34m█[34m█[34m█[34m█[34m█[34m█[34m█[34m█[34m█[34m█[34m█
[34m█[34m█[31m█[31m█[31m█[31m█[34m█[34m█[34m█[34m█[34m█[34m█[31m█[31m█[31m█[31m█[34m█[34m█
[31m█[31m█[31m█[31m█[31m█[31m█[31m█[31m█[34m█[34m█[31m█[31m█[31m█[31m█[31m█[31m█[31m█[31m█
[31m█[31m█[31m█[31m█[31m█[31m█[31m█[31m█[31m█[31m█[31m█[31m█[31m█[31m█[31m█[31m█[31m█[31m█
[35m█[35m█[31m█[31m█[31m█[31m█[31m█[31m█[31m█[31m█[31m█[31m█[31m█[31m█[31m█[31m█[33m█[33m█
[35m█[35m█[35m█[35m█[31m█[31m█[31m█[31m█[31m█[31m█[31m█[31m█[31m█[31m█[35m█[35m█[35m█[35m█
[35m█[35m█[35m█[35m█[35m█[35m█[31m█[31m█[31m█[31m█[31m█[31m█[35m█[35m█[35m█[35m█[33m█[33m█
[35m█[35m█[35m█[35m█[35m█[35m█[35m█[35m█[31m█[31m█[35m█[35m█[35m█[35m█[33m█[33m█[33m█[33m█
[35m█[35m█[35m█[35m█[35m█[35m█[35m█[35m█[35m█[35m█[35m█[35m█[33m█[33m█[33m█[33m█[33m█[33m█
[0m
Visited node 44
[34m█[34m█[34m█[34m█[34m█[34m█[34m█[34m█[34m█[34m█[34m█[34m█[34m█[34m█[34m█[34m█[34m█[34m█
[34m█[34m█[31m█[31m█[31m█[31m█[34m█[34m█[34m█[34m█[34m█[34m█[31m█[31m█[31m█[31m█[34m█[34m█
[31m█[31m█[31m█[31m█[31m█[31m█[31m█[31m█[34m█[34m█[31m█[31m█[31m█[31m█[31m█[31m█[31m█[31m█
[31m█[31m█[31m█[31m█[31m█[31m█[31m█[31m█[31m█[31m█[31m█[31m█[31m█[31m█[31m█[31m█[31m█[31m█
[35m█[35m█[31m█[31m█[31m█[31m█[31m█[31m█[31m█[31m█[31m█[31m█[31m█[31m█[31m█[31m█[35m█[35m█
[35m█[35m█[35m█[35m█[31m█[31m█[31m█[31m█[31m█[31m█[31m█[31m█[31m█[31m█[35m█[35m█[35m█[35m█
[35m█[35m█[35m█[35m█[35m█[35m█[31m█[31m█[31m█[31m█[31m█[31m█[35m█[35m█[35m█[35m█[33m█[33m█
[35m█[35m█[35m█[35m█[35m█[35m█[35m█[35m█[31m█[31m█[35m█[35m█[35m█[35m█[33m█[33m█[33m█[33m█
[35m█[35m█[35m█[35m█[35m█[35m█[35m█[35m█[35m█[35m█[35m█[35m█[33m█[33m█[33m█[33m█[33m█[33m█
[0m
Visited node 62
[34m█[34m█[34m█[34m█[34m█[34m█[34m█[34m█[34m█[34m█[34m█[34m█[34m█[34m█[34m█[34m█[34m█[34m█
[34m█[34m█[31m█[31m█[31m█[31m█[34m█[34m█[34m█[34m█[34m█[34m█[31m█[31m█[31m█[31m█[34m█[34m█
[31m█[31m█[31m█[31m█[31m█[31m█[31m█[31m█[34m█[34m█[31m█[31m█[31m█[31m█[31m█[31m█[31m█[31m█
[31m█[31m█[31m█[31m█[31m█[31m█[31m█[31m█[31m█[31m█[31m█[31m█[31m█[31m█[31m█[31m█[31m█[31m█
[35m█[35m█[31m█[31m█[31m█[31m█[31m█[31m█[31m█[31m█[31m█[31m█[31m█[31m█[31m█[31m█[35m█[35m█
[35m█[35m█[35m█[35m█[31m█[31m█[31m█[31m█[31m█[31m█[31m█[31m█[31m█[31m█[35m█[35m█[35m█[35m█
[35m█[35m█[35m█[35m█[35m█[35m█[31m█[31m█[31m█[31m█[31m█[31m█[35m█[35m█[35m█[35m█[35m█[35m█
[35m█[35m█[35m█[35m█[35m█[35m█[35m█[35m█[31m█[31m█[35m█[35m█[35m█[35m█[33m█[33m█[33m█[33m█
[35m█[35m█[35m█[35m█[35m█[35m█[35m█[35m█[35m█[35m█[35m█[35m█[33m█[33m█[33m█[33m█[33m█[33m█
[0m
Visited node 71
[34m█[34m█[34m█[34m█[34m█[34m█[34m█[34m█[34m█[34m█[34m█[34m█[34m█[34m█[34m█[34m█[34m█[34m█
[34m█[34m█[31m█[31m█[31m█[31m█[34m█[34m█[34m█[34m█[34m█[34m█[31m█[31m█[31m█[31m█[34m█[34m█
[31m█[31m█[31m█[31m█[31m█[31m█[31m█[31m█[34m█[34m█[31m█[31m█[31m█[31m█[31m█[31m█[31m█[31m█
[31m█[31m█[31m█[31m█[31m█[31m█[31m█[31m█[31m█[31m█[31m█[31m█[31m█[31m█[31m█[31m█[31m█[31m█
[35m█[35m█[31m█[31m█[31m█[31m█[31m█[31m█[31m█[31m█[31m█[31m█[31m█[31m█[31m█[31m█[35m█[35m█
[35m█[35m█[35m█[35m█[31m█[31m█[31m█[31m█[31m█[31m█[31m█[31m█[31m█[31m█[35m█[35m█[35m█[35m█
[35m█[35m█[35m█[35m█[35m█[35m█[31m█[31m█[31m█[31m█[31m█[31m█[35m█[35m█[35m█[35m█[35m█[35m█
[35m█[35m█[35m█[35m█[35m█[35m█[35m█[35m█[31m█[31m█[35m█[35m█[35m█[35m█[33m█[33m█[35m█[35m█
[35m█[35m█[35m█[35m█[35m█[35m█[35m█[35m█[35m█[35m█[35m█[35m█[33m█[33m█[33m█[33m█[33m█[33m█
[0m
Visited node 70
[34m█[34m█[34m█[34m█[34m█[34m█[34m█[34m█[34m█[34m█[34m█[34m█[34m█[34m█[34m█[34m█[34m█[34m█
[34m█[34m█[31m█[31m█[31m█[31m█[34m█[34m█[34m█[34m█[34m█[34m█[31m█[31m█[31m█[31m█[34m█[34m█
[31m█[31m█[31m█[31m█[31m█[31m█[31m█[31m█[34m█[34m█[31m█[31m█[31m█[31m█[31m█[31m█[31m█[31m█
[31m█[31m█[31m█[31m█[31m█[31m█[31m█[31m█[31m█[31m█[31m█[31m█[31m█[31m█[31m█[31m█[31m█[31m█
[35m█[35m█[31m█[31m█[31m█[31m█[31m█[31m█[31m█[31m█[31m█[31m█[31m█[31m█[31m█[31m█[35m█[35m█
[35m█[35m█[35m█[35m█[31m█[31m█[31m█[31m█[31m█[31m█[31m█[31m█[31m█[31m█[35m█[35m█[35m█[35m█
[35m█[35m█[35m█[35m█[35m█[35m█[31m█[31m█[31m█[31m█[31m█[31m█[35m█[35m█[35m█[35m█[35m█[35m█
[35m█[35m█[35m█[35m█[35m█[35m█[35m█[35m█[31m█[31m█[35m█[35m█[35m█[35m█[35m█[35m█[35m█[35m█
[35m█[35m█[35m█[35m█[35m█[35m█[35m█[35m█[35m█[35m█[35m█[35m█[33m█[33m█[33m█[33m█[33m█[33m█
[0m
Visited node 79
[34m█[34m█[34m█[34m█[34m█[34m█[34m█[34m█[34m█[34m█[34m█[34m█[34m█[34m█[34m█[34m█[34m█[34m█
[34m█[34m█[31m█[31m█[31m█[31m█[34m█[34m█[34m█[34m█[34m█[34m█[31m█[31m█[31m█[31m█[34m█[34m█
[31m█[31m█[31m█[31m█[31m█[31m█[31m█[31m█[34m█[34m█[31m█[31m█[31m█[31m█[31m█[31m█[31m█[31m█
[31m█[31m█[31m█[31m█[31m█[31m█[31m█[31m█[31m█[31m█[31m█[31m█[31m█[31m█[31m█[31m█[31m█[31m█
[35m█[35m█[31m█[31m█[31m█[31m█[31m█[31m█[31m█[31m█[31m█[31m█[31m█[31m█[31m█[31m█[35m█[35m█
[35m█[35m█[35m█[35m█[31m█[31m█[31m█[31m█[31m█[31m█[31m█[31m█[31m█[31m█[35m█[35m█[35m█[35m█
[35m█[35m█[35m█[35m█[35m█[35m█[31m█[31m█[31m█[31m█[31m█[31m█[35m█[35m█[35m█[35m█[35m█[35m█
[35m█[35m█[35m█[35m█[35m█[35m█[35m█[35m█[31m█[31m█[35m█[35m█[35m█[35m█[35m█[35m█[35m█[35m█
[35m█[35m█[35m█[35m█[35m█[35m█[35m█[35m█[35m█[35m█[35m█[35m█[33m█[33m█[35m█[35m█[33m█[33m█
[0m
Visited node 78
[34m█[34m█[34m█[34m█[34m█[34m█[34m█[34m█[34m█[34m█[34m█[34m█[34m█[34m█[34m█[34m█[34m█[34m█
[34m█[34m█[31m█[31m█[31m█[31m█[34m█[34m█[34m█[34m█[34m█[34m█[31m█[31m█[31m█[31m█[34m█[34m█
[31m█[31m█[31m█[31m█[31m█[31m█[31m█[31m█[34m█[34m█[31m█[31m█[31m█[31m█[31m█[31m█[31m█[31m█
[31m█[31m█[31m█[31m█[31m█[31m█[31m█[31m█[31m█[31m█[31m█[31m█[31m█[31m█[31m█[31m█[31m█[31m█
[35m█[35m█[31m█[31m█[31m█[31m█[31m█[31m█[31m█[31m█[31m█[31m█[31m█[31m█[31m█[31m█[35m█[35m█
[35m█[35m█[35m█[35m█[31m█[31m█[31m█[31m█[31m█[31m█[31m█[31m█[31m█[31m█[35m█[35m█[35m█[35m█
[35m█[35m█[35m█[35m█[35m█[35m█[31m█[31m█[31m█[31m█[31m█[31m█[35m█[35m█[35m█[35m█[35m█[35m█
[35m█[35m█[35m█[35m█[35m█[35m█[35m█[35m█[31m█[31m█[35m█[35m█[35m█[35m█[35m█[35m█[35m█[35m█
[35m█[35m█[35m█[35m█[35m█[35m█[35m█[35m█[35m█[35m█[35m█[35m█[35m█[35m█[35m█[35m█[33m█[33m█
[0m
Visited node 80
[34m█[34m█[34m█[34m█[34m█[34m█[34m█[34m█[34m█[34m█[34m█[34m█[34m█[34m█[34m█[34m█[34m█[34m█
[34m█[34m█[31m█[31m█[31m█[31m█[34m█[34m█[34m█[34m█[34m█[34m█[31m█[31m█[31m█[31m█[34m█[34m█
[31m█[31m█[31m█[31m█[31m█[31m█[31m█[31m█[34m█[34m█[31m█[31m█[31m█[31m█[31m█[31m█[31m█[31m█
[31m█[31m█[31m█[31m█[31m█[31m█[31m█[31m█[31m█[31m█[31m█[31m█[31m█[31m█[31m█[31m█[31m█[31m█
[35m█[35m█[31m█[31m█[31m█[31m█[31m█[31m█[31m█[31m█[31m█[31m█[31m█[31m█[31m█[31m█[35m█[35m█
[35m█[35m█[35m█[35m█[31m█[31m█[31m█[31m█[31m█[31m█[31m█[31m█[31m█[31m█[35m█[35m█[35m█[35m█
[35m█[35m█[35m█[35m█[35m█[35m█[31m█[31m█[31m█[31m█[31m█[31m█[35m█[35m█[35m█[35m█[35m█[35m█
[35m█[35m█[35m█[35m█[35m█[35m█[35m█[35m█[31m█[31m█[35m█[35m█[35m█[35m█[35m█[35m█[35m█[35m█
[35m█[35m█[35m█[35m█[35m█[35m█[35m█[35m█[35m█[35m█[35m█[35m█[35m█[35m█[35m█[35m█[35m█[35m█
[0m
