Adjacency matrix:
01000
10110
01001
01001
00110

Starting BFS; initial state:
[30m█[30m█[30m█[30m█[30m█[30m█[30m█[30m█[30m█[30m█
[30m█[30m█[31m█[31m█[31m█[31m█[31m█[31m█[30m█[30m█
[30m█[30m█[30m█[30m█[31m█[31m█[31m█[31m█[30m█[30m█
[30m█[30m█[30m█[30m█[30m█[30m█[30m█[30m█[30m█[30m█
[30m█[30m█[30m█[30m█[30m█[30m█[30m█[30m█[30m█[30m█
[0m
Visited node 2
[30m█[30m█[30m█[30m█[30m█[30m█[30m█[30m█[30m█[30m█
[30m█[30m█[31m█[31m█[31m█[31m█[32m█[32m█[30m█[30m█
[30m█[30m█[30m█[30m█[31m█[31m█[31m█[31m█[30m█[30m█
[30m█[30m█[30m█[30m█[30m█[30m█[30m█[30m█[30m█[30m█
[30m█[30m█[30m█[30m█[30m█[30m█[30m█[30m█[30m█[30m█
[0m
Visited node 1
[30m█[30m█[30m█[30m█[30m█[30m█[30m█[30m█[30m█[30m█
[30m█[30m█[31m█[31m█[32m█[32m█[32m█[32m█[30m█[30m█
[30m█[30m█[30m█[30m█[31m█[31m█[31m█[31m█[30m█[30m█
[30m█[30m█[30m█[30m█[30m█[30m█[30m█[30m█[30m█[30m█
[30m█[30m█[30m█[30m█[30m█[30m█[30m█[30m█[30m█[30m█
[0m
Visited node 4
[30m█[30m█[30m█[30m█[30m█[30m█[30m█[30m█[30m█[30m█
[30m█[30m█[31m█[31m█[32m█[32m█[32m█[32m█[30m█[30m█
[30m█[30m█[30m█[30m█[31m█[31m█[32m█[32m█[30m█[30m█
[30m█[30m█[30m█[30m█[30m█[30m█[30m█[30m█[30m█[30m█
[30m█[30m█[30m█[30m█[30m█[30m█[30m█[30m█[30m█[30m█
[0m
Visited node 0
[30m█[30m█[30m█[30m█[30m█[30m█[30m█[30m█[30m█[30m█
[30m█[30m█[32m█[32m█[32m█[32m█[32m█[32m█[30m█[30m█
[30m█[30m█[30m█[30m█[31m█[31m█[32m█[32m█[30m█[30m█
[30m█[30m█[30m█[30m█[30m█[30m█[30m█[30m█[30m█[30m█
[30m█[30m█[30m█[30m█[30m█[30m█[30m█[30m█[30m█[30m█
[0m
Visited node 3
[30m█[30m█[30m█[30m█[30m█[30m█[30m█[30m█[30m█[30m█
[30m█[30m█[32m█[32m█[32m█[32m█[32m█[32m█[30m█[30m█
[30m█[30m█[30m█[30m█[32m█[32m█[32m█[32m█[30m█[30m█
[30m█[30m█[30m█[30m█[30m█[30m█[30m█[30m█[30m█[30m█
[30m█[30m█[30m█[30m█[30m█[30m█[30m█[30m█[30m█[30m█
[0m
Starting DFS; initial state:
[30m█[30m█[30m█[30m█[30m█[30m█[30m█[30m█[30m█[30m█
[30m█[30m█[31m█[31m█[31m█[31m█[31m█[31m█[30m█[30m█
[30m█[30m█[30m█[30m█[31m█[31m█[31m█[31m█[30m█[30m█
[30m█[30m█[30m█[30m█[30m█[30m█[30m█[30m█[30m█[30m█
[30m█[30m█[30m█[30m█[30m█[30m█[30m█[30m█[30m█[30m█
[0m
Visited node 2
[30m█[30m█[30m█[30m█[30m█[30m█[30m█[30m█[30m█[30m█
[30m█[30m█[31m█[31m█[31m█[31m█[32m█[32m█[30m█[30m█
[30m█[30m█[30m█[30m█[31m█[31m█[31m█[31m█[30m█[30m█
[30m█[30m█[30m█[30m█[30m█[30m█[30m█[30m█[30m█[30m█
[30m█[30m█[30m█[30m█[30m█[30m█[30m█[30m█[30m█[30m█
[0m
Visited node 1
[30m█[30m█[30m█[30m█[30m█[30m█[30m█[30m█[30m█[30m█
[30m█[30m█[31m█[31m█[32m█[32m█[32m█[32m█[30m█[30m█
[30m█[30m█[30m█[30m█[31m█[31m█[31m█[31m█[30m█[30m█
[30m█[30m█[30m█[30m█[30m█[30m█[30m█[30m█[30m█[30m█
[30m█[30m█[30m█[30m█[30m█[30m█[30m█[30m█[30m█[30m█
[0m
Visited node 0
[30m█[30m█[30m█[30m█[30m█[30m█[30m█[30m█[30m█[30m█
[30m█[30m█[32m█[32m█[32m█[32m█[32m█[32m█[30m█[30m█
[30m█[30m█[30m█[30m█[31m█[31m█[31m█[31m█[30m█[30m█
[30m█[30m█[30m█[30m█[30m█[30m█[30m█[30m█[30m█[30m█
[30m█[30m█[30m█[30m█[30m█[30m█[30m█[30m█[30m█[30m█
[0m
Visited node 3
[30m█[30m█[30m█[30m█[30m█[30m█[30m█[30m█[30m█[30m█
[30m█[30m█[32m█[32m█[32m█[32m█[32m█[32m█[30m█[30m█
[30m█[30m█[30m█[30m█[32m█[32m█[31m█[31m█[30m█[30m█
[30m█[30m█[30m█[30m█[30m█[30m█[30m█[30m█[30m█[30m█
[30m█[30m█[30m█[30m█[30m█[30m█[30m█[30m█[30m█[30m█
[0m
Visited node 4
[30m█[30m█[30m█[30m█[30m█[30m█[30m█[30m█[30m█[30m█
[30m█[30m█[32m█[32m█[32m█[32m█[32m█[32m█[30m█[30m█
[30m█[30m█[30m█[30m█[32m█[32m█[32m█[32m█[30m█[30m█
[30m█[30m█[30m█[30m█[30m█[30m█[30m█[30m█[30m█[30m█
[30m█[30m█[30m█[30m█[30m█[30m█[30m█[30m█[30m█[30m█
[0m
