Adjacency matrix:
0100000010000000000000000000000000000000000000000000000000000000
1010000001000000000000000000000000000000000000000000000000000000
0101000000100000000000000000000000000000000000000000000000000000
0010100000010000000000000000000000000000000000000000000000000000
0001010000001000000000000000000000000000000000000000000000000000
0000101000000100000000000000000000000000000000000000000000000000
0000010100000010000000000000000000000000000000000000000000000000
0000001000000001000000000000000000000000000000000000000000000000
1000000001000000100000000000000000000000000000000000000000000000
0100000010100000010000000000000000000000000000000000000000000000
0010000001010000001000000000000000000000000000000000000000000000
0001000000101000000100000000000000000000000000000000000000000000
0000100000010100000010000000000000000000000000000000000000000000
0000010000001010000001000000000000000000000000000000000000000000
0000001000000101000000100000000000000000000000000000000000000000
0000000100000010000000010000000000000000000000000000000000000000
0000000010000000010000001000000000000000000000000000000000000000
0000000001000000101000000100000000000000000000000000000000000000
0000000000100000010100000010000000000000000000000000000000000000
0000000000010000001010000001000000000000000000000000000000000000
0000000000001000000101000000100000000000000000000000000000000000
0000000000000100000010100000010000000000000000000000000000000000
0000000000000010000001010000001000000000000000000000000000000000
0000000000000001000000100000000100000000000000000000000000000000
0000000000000000100000000100000010000000000000000000000000000000
0000000000000000010000001010000001000000000000000000000000000000
0000000000000000001000000101000000100000000000000000000000000000
0000000000000000000100000010100000010000000000000000000000000000
0000000000000000000010000001010000001000000000000000000000000000
0000000000000000000001000000101000000100000000000000000000000000
0000000000000000000000100000010100000010000000000000000000000000
0000000000000000000000010000001000000001000000000000000000000000
0000000000000000000000001000000001000000100000000000000000000000
0000000000000000000000000100000010100000010000000000000000000000
0000000000000000000000000010000001010000001000000000000000000000
0000000000000000000000000001000000101000000100000000000000000000
0000000000000000000000000000100000010100000010000000000000000000
0000000000000000000000000000010000001010000001000000000000000000
0000000000000000000000000000001000000101000000100000000000000000
0000000000000000000000000000000100000010000000010000000000000000
0000000000000000000000000000000010000000010000001000000000000000
0000000000000000000000000000000001000000101000000100000000000000
0000000000000000000000000000000000100000010100000010000000000000
0000000000000000000000000000000000010000001010000001000000000000
0000000000000000000000000000000000001000000101000000100000000000
0000000000000000000000000000000000000100000010100000010000000000
0000000000000000000000000000000000000010000001010000001000000000
0000000000000000000000000000000000000001000000100000000100000000
0000000000000000000000000000000000000000100000000100000010000000
0000000000000000000000000000000000000000010000001010000001000000
0000000000000000000000000000000000000000001000000101000000100000
0000000000000000000000000000000000000000000100000010100000010000
0000000000000000000000000000000000000000000010000001010000001000
0000000000000000000000000000000000000000000001000000101000000100
0000000000000000000000000000000000000000000000100000010100000010
0000000000000000000000000000000000000000000000010000001000000001
0000000000000000000000000000000000000000000000001000000001000000
0000000000000000000000000000000000000000000000000100000010100000
0000000000000000000000000000000000000000000000000010000001010000
0000000000000000000000000000000000000000000000000001000000101000
0000000000000000000000000000000000000000000000000000100000010100
0000000000000000000000000000000000000000000000000000010000001010
0000000000000000000000000000000000000000000000000000001000000101
0000000000000000000000000000000000000000000000000000000100000010

Starting BFS; initial state:
[34m█[34m█[37m█[37m█[34m█[34m█[37m█[37m█[34m█[34m█[37m█[37m█[34m█[34m█[37m█[37m█
[37m█[37m█[34m█[34m█[37m█[37m█[34m█[34m█[37m█[37m█[34m█[34m█[37m█[37m█[34m█[34m█
[34m█[34m█[37m█[37m█[34m█[34m█[37m█[37m█[34m█[34m█[37m█[37m█[34m█[34m█[37m█[37m█
[37m█[37m█[34m█[34m█[37m█[37m█[34m█[34m█[37m█[37m█[34m█[34m█[37m█[37m█[34m█[34m█
[34m█[34m█[37m█[37m█[34m█[34m█[37m█[37m█[34m█[34m█[37m█[37m█[34m█[34m█[37m█[37m█
[37m█[37m█[34m█[34m█[37m█[37m█[34m█[34m█[37m█[37m█[34m█[34m█[37m█[37m█[34m█[34m█
[34m█[34m█[37m█[37m█[34m█[34m█[37m█[37m█[34m█[34m█[37m█[37m█[34m█[34m█[37m█[37m█
[37m█[37m█[34m█[34m█[37m█[37m█[34m█[34m█[37m█[37m█[34m█[34m█[37m█[37m█[34m█[34m█
[0m
Visited node 34
[34m█[34m█[37m█[37m█[34m█[34m█[37m█[37m█[34m█[34m█[37m█[37m█[34m█[34m█[37m█[37m█
[37m█[37m█[34m█[34m█[37m█[37m█[34m█[34m█[37m█[37m█[34m█[34m█[37m█[37m█[34m█[34m█
[34m█[34m█[37m█[37m█[34m█[34m█[37m█[37m█[34m█[34m█[37m█[37m█[34m█[34m█[37m█[37m█
[37m█[37m█[34m█[34m█[37m█[37m█[34m█[34m█[37m█[37m█[34m█[34m█[37m█[37m█[34m█[34m█
[34m█[34m█[37m█[37m█[37m█[37m█[37m█[37m█[34m█[34m█[37m█[37m█[34m█[34m█[37m█[37m█
[37m█[37m█[34m█[34m█[37m█[37m█[34m█[34m█[37m█[37m█[34m█[34m█[37m█[37m█[34m█[34m█
[34m█[34m█[37m█[37m█[34m█[34m█[37m█[37m█[34m█[34m█[37m█[37m█[34m█[34m█[37m█[37m█
[37m█[37m█[34m█[34m█[37m█[37m█[34m█[34m█[37m█[37m█[34m█[34m█[37m█[37m█[34m█[34m█
[0m
Starting DFS; initial state:
[34m█[34m█[37m█[37m█[34m█[34m█[37m█[37m█[34m█[34m█[37m█[37m█[34m█[34m█[37m█[37m█
[37m█[37m█[34m█[34m█[37m█[37m█[34m█[34m█[37m█[37m█[34m█[34m█[37m█[37m█[34m█[34m█
[34m█[34m█[37m█[37m█[34m█[34m█[37m█[37m█[34m█[34m█[37m█[37m█[34m█[34m█[37m█[37m█
[37m█[37m█[34m█[34m█[37m█[37m█[34m█[34m█[37m█[37m█[34m█[34m█[37m█[37m█[34m█[34m█
[34m█[34m█[37m█[37m█[34m█[34m█[37m█[37m█[34m█[34m█[37m█[37m█[34m█[34m█[37m█[37m█
[37m█[37m█[34m█[34m█[37m█[37m█[34m█[34m█[37m█[37m█[34m█[34m█[37m█[37m█[34m█[34m█
[34m█[34m█[37m█[37m█[34m█[34m█[37m█[37m█[34m█[34m█[37m█[37m█[34m█[34m█[37m█[37m█
[37m█[37m█[34m█[34m█[37m█[37m█[34m█[34m█[37m█[37m█[34m█[34m█[37m█[37m█[34m█[34m█
[0m
Visited node 34
[34m█[34m█[37m█[37m█[34m█[34m█[37m█[37m█[34m█[34m█[37m█[37m█[34m█[34m█[37m█[37m█
[37m█[37m█[34m█[34m█[37m█[37m█[34m█[34m█[37m█[37m█[34m█[34m█[37m█[37m█[34m█[34m█
[34m█[34m█[37m█[37m█[34m█[34m█[37m█[37m█[34m█[34m█[37m█[37m█[34m█[34m█[37m█[37m█
[37m█[37m█[34m█[34m█[37m█[37m█[34m█[34m█[37m█[37m█[34m█[34m█[37m█[37m█[34m█[34m█
[34m█[34m█[37m█[37m█[37m█[37m█[37m█[37m█[34m█[34m█[37m█[37m█[34m█[34m█[37m█[37m█
[37m█[37m█[34m█[34m█[37m█[37m█[34m█[34m█[37m█[37m█[34m█[34m█[37m█[37m█[34m█[34m█
[34m█[34m█[37m█[37m█[34m█[34m█[37m█[37m█[34m█[34m█[37m█[37m█[34m█[34m█[37m█[37m█
[37m█[37m█[34m█[34m█[37m█[37m█[34m█[34m█[37m█[37m█[34m█[34m█[37m█[37m█[34m█[34m█
[0m
