Adjacency matrix:
0100010000000000000000000000000000000000000000000000
1010001000000000000000000000000000000000000000000000
0101000100000000000000000000000000000000000000000000
0010000010000000000000000000000000000000000000000000
0000010000010000000000000000000000000000000000000000
1000101000001000000000000000000000000000000000000000
0100010100000100000000000000000000000000000000000000
0010001010000010000000000000000000000000000000000000
0001000101000001000000000000000000000000000000000000
0000000010000000100000000000000000000000000000000000
0000000000010000001000000000000000000000000000000000
0000100000101000000100000000000000000000000000000000
0000010000010100000010000000000000000000000000000000
0000001000001010000001000000000000000000000000000000
0000000100000101000000100000000000000000000000000000
0000000010000010100000010000000000000000000000000000
0000000001000001010000001000000000000000000000000000
0000000000000000100000000100000000000000000000000000
0000000000100000000100000010000000000000000000000000
0000000000010000001010000001000000000000000000000000
0000000000001000000101000000100000000000000000000000
0000000000000100000010100000010000000000000000000000
0000000000000010000001010000001000000000000000000000
0000000000000001000000101000000100000000000000000000
0000000000000000100000010100000010000000000000000000
0000000000000000010000001000000001000000000000000000
0000000000000000001000000001000000100000000000000000
0000000000000000000100000010100000010000000000000000
0000000000000000000010000001010000001000000000000000
0000000000000000000001000000101000000100000000000000
0000000000000000000000100000010100000010000000000000
0000000000000000000000010000001010000001000000000000
0000000000000000000000001000000101000000100000000000
0000000000000000000000000100000010000000010000000000
0000000000000000000000000010000000010000000000000000
0000000000000000000000000001000000101000001000000000
0000000000000000000000000000100000010100000100000000
0000000000000000000000000000010000001010000010000000
0000000000000000000000000000001000000101000001000000
0000000000000000000000000000000100000010100000100000
0000000000000000000000000000000010000001010000010000
0000000000000000000000000000000001000000100000000000
0000000000000000000000000000000000010000000100000000
0000000000000000000000000000000000001000001010001000
0000000000000000000000000000000000000100000101000100
0000000000000000000000000000000000000010000010100010
0000000000000000000000000000000000000001000001010001
0000000000000000000000000000000000000000100000100000
0000000000000000000000000000000000000000000100000100
0000000000000000000000000000000000000000000010001010
0000000000000000000000000000000000000000000001000101
0000000000000000000000000000000000000000000000100010

Starting BFS; initial state:
[30m█[30m█[30m█[30m█[31m█[31m█[31m█[31m█[31m█[31m█[31m█[31m█[30m█[30m█[30m█[30m█
[30m█[30m█[31m█[31m█[33m█[33m█[33m█[33m█[33m█[33m█[33m█[33m█[31m█[31m█[30m█[30m█
[31m█[31m█[33m█[33m█[34m█[34m█[33m█[33m█[33m█[33m█[34m█[34m█[33m█[33m█[31m█[31m█
[31m█[31m█[33m█[33m█[33m█[33m█[33m█[33m█[33m█[33m█[33m█[33m█[33m█[33m█[31m█[31m█
[31m█[31m█[33m█[33m█[34m█[34m█[33m█[33m█[33m█[33m█[34m█[34m█[33m█[33m█[31m█[31m█
[31m█[31m█[33m█[33m█[33m█[33m█[34m█[34m█[34m█[34m█[33m█[33m█[33m█[33m█[31m█[31m█
[30m█[30m█[31m█[31m█[33m█[33m█[33m█[33m█[33m█[33m█[33m█[33m█[31m█[31m█[30m█[30m█
[30m█[30m█[30m█[30m█[31m█[31m█[31m█[31m█[31m█[31m█[31m█[31m█[30m█[30m█[30m█[30m█
[0m
Visited node 6
[30m█[30m█[30m█[30m█[31m█[31m█[31m█[31m█[31m█[31m█[31m█[31m█[30m█[30m█[30m█[30m█
[30m█[30m█[31m█[31m█[33m█[33m█[31m█[31m█[33m█[33m█[33m█[33m█[31m█[31m█[30m█[30m█
[31m█[31m█[33m█[33m█[34m█[34m█[33m█[33m█[33m█[33m█[34m█[34m█[33m█[33m█[31m█[31m█
[31m█[31m█[33m█[33m█[33m█[33m█[33m█[33m█[33m█[33m█[33m█[33m█[33m█[33m█[31m█[31m█
[31m█[31m█[33m█[33m█[34m█[34m█[33m█[33m█[33m█[33m█[34m█[34m█[33m█[33m█[31m█[31m█
[31m█[31m█[33m█[33m█[33m█[33m█[34m█[34m█[34m█[34m█[33m█[33m█[33m█[33m█[31m█[31m█
[30m█[30m█[31m█[31m█[33m█[33m█[33m█[33m█[33m█[33m█[33m█[33m█[31m█[31m█[30m█[30m█
[30m█[30m█[30m█[30m█[31m█[31m█[31m█[31m█[31m█[31m█[31m█[31m█[30m█[30m█[30m█[30m█
[0m
Visited node 5
[30m█[30m█[30m█[30m█[31m█[31m█[31m█[31m█[31m█[31m█[31m█[31m█[30m█[30m█[30m█[30m█
[30m█[30m█[31m█[31m█[31m█[31m█[31m█[31m█[33m█[33m█[33m█[33m█[31m█[31m█[30m█[30m█
[31m█[31m█[33m█[33m█[34m█[34m█[33m█[33m█[33m█[33m█[34m█[34m█[33m█[33m█[31m█[31m█
[31m█[31m█[33m█[33m█[33m█[33m█[33m█[33m█[33m█[33m█[33m█[33m█[33m█[33m█[31m█[31m█
[31m█[31m█[33m█[33m█[34m█[34m█[33m█[33m█[33m█[33m█[34m█[34m█[33m█[33m█[31m█[31m█
[31m█[31m█[33m█[33m█[33m█[33m█[34m█[34m█[34m█[34m█[33m█[33m█[33m█[33m█[31m█[31m█
[30m█[30m█[31m█[31m█[33m█[33m█[33m█[33m█[33m█[33m█[33m█[33m█[31m█[31m█[30m█[30m█
[30m█[30m█[30m█[30m█[31m█[31m█[31m█[31m█[31m█[31m█[31m█[31m█[30m█[30m█[30m█[30m█
[0m
Visited node 7
[30m█[30m█[30m█[30m█[31m█[31m█[31m█[31m█[31m█[31m█[31m█[31m█[30m█[30m█[30m█[30m█
[30m█[30m█[31m█[31m█[31m█[31m█[31m█[31m█[31m█[31m█[33m█[33m█[31m█[31m█[30m█[30m█
[31m█[31m█[33m█[33m█[34m█[34m█[33m█[33m█[33m█[33m█[34m█[34m█[33m█[33m█[31m█[31m█
[31m█[31m█[33m█[33m█[33m█[33m█[33m█[33m█[33m█[33m█[33m█[33m█[33m█[33m█[31m█[31m█
[31m█[31m█[33m█[33m█[34m█[34m█[33m█[33m█[33m█[33m█[34m█[34m█[33m█[33m█[31m█[31m█
[31m█[31m█[33m█[33m█[33m█[33m█[34m█[34m█[34m█[34m█[33m█[33m█[33m█[33m█[31m█[31m█
[30m█[30m█[31m█[31m█[33m█[33m█[33m█[33m█[33m█[33m█[33m█[33m█[31m█[31m█[30m█[30m█
[30m█[30m█[30m█[30m█[31m█[31m█[31m█[31m█[31m█[31m█[31m█[31m█[30m█[30m█[30m█[30m█
[0m
Visited node 13
[30m█[30m█[30m█[30m█[31m█[31m█[31m█[31m█[31m█[31m█[31m█[31m█[30m█[30m█[30m█[30m█
[30m█[30m█[31m█[31m█[31m█[31m█[31m█[31m█[31m█[31m█[33m█[33m█[31m█[31m█[30m█[30m█
[31m█[31m█[33m█[33m█[34m█[34m█[31m█[31m█[33m█[33m█[34m█[34m█[33m█[33m█[31m█[31m█
[31m█[31m█[33m█[33m█[33m█[33m█[33m█[33m█[33m█[33m█[33m█[33m█[33m█[33m█[31m█[31m█
[31m█[31m█[33m█[33m█[34m█[34m█[33m█[33m█[33m█[33m█[34m█[34m█[33m█[33m█[31m█[31m█
[31m█[31m█[33m█[33m█[33m█[33m█[34m█[34m█[34m█[34m█[33m█[33m█[33m█[33m█[31m█[31m█
[30m█[30m█[31m█[31m█[33m█[33m█[33m█[33m█[33m█[33m█[33m█[33m█[31m█[31m█[30m█[30m█
[30m█[30m█[30m█[30m█[31m█[31m█[31m█[31m█[31m█[31m█[31m█[31m█[30m█[30m█[30m█[30m█
[0m
Visited node 8
[30m█[30m█[30m█[30m█[31m█[31m█[31m█[31m█[31m█[31m█[31m█[31m█[30m█[30m█[30m█[30m█
[30m█[30m█[31m█[31m█[31m█[31m█[31m█[31m█[31m█[31m█[31m█[31m█[31m█[31m█[30m█[30m█
[31m█[31m█[33m█[33m█[34m█[34m█[31m█[31m█[33m█[33m█[34m█[34m█[33m█[33m█[31m█[31m█
[31m█[31m█[33m█[33m█[33m█[33m█[33m█[33m█[33m█[33m█[33m█[33m█[33m█[33m█[31m█[31m█
[31m█[31m█[33m█[33m█[34m█[34m█[33m█[33m█[33m█[33m█[34m█[34m█[33m█[33m█[31m█[31m█
[31m█[31m█[33m█[33m█[33m█[33m█[34m█[34m█[34m█[34m█[33m█[33m█[33m█[33m█[31m█[31m█
[30m█[30m█[31m█[31m█[33m█[33m█[33m█[33m█[33m█[33m█[33m█[33m█[31m█[31m█[30m█[30m█
[30m█[30m█[30m█[30m█[31m█[31m█[31m█[31m█[31m█[31m█[31m█[31m█[30m█[30m█[30m█[30m█
[0m
Visited node 14
[30m█[30m█[30m█[30m█[31m█[31m█[31m█[31m█[31m█[31m█[31m█[31m█[30m█[30m█[30m█[30m█
[30m█[30m█[31m█[31m█[31m█[31m█[31m█[31m█[31m█[31m█[31m█[31m█[31m█[31m█[30m█[30m█
[31m█[31m█[33m█[33m█[34m█[34m█[31m█[31m█[31m█[31m█[34m█[34m█[33m█[33m█[31m█[31m█
[31m█[31m█[33m█[33m█[33m█[33m█[33m█[33m█[33m█[33m█[33m█[33m█[33m█[33m█[31m█[31m█
[31m█[31m█[33m█[33m█[34m█[34m█[33m█[33m█[33m█[33m█[34m█[34m█[33m█[33m█[31m█[31m█
[31m█[31m█[33m█[33m█[33m█[33m█[34m█[34m█[34m█[34m█[33m█[33m█[33m█[33m█[31m█[31m█
[30m█[30m█[31m█[31m█[33m█[33m█[33m█[33m█[33m█[33m█[33m█[33m█[31m█[31m█[30m█[30m█
[30m█[30m█[30m█[30m█[31m█[31m█[31m█[31m█[31m█[31m█[31m█[31m█[30m█[30m█[30m█[30m█
[0m
Visited node 21
[30m█[30m█[30m█[30m█[31m█[31m█[31m█[31m█[31m█[31m█[31m█[31m█[30m█[30m█[30m█[30m█
[30m█[30m█[31m█[31m█[31m█[31m█[31m█[31m█[31m█[31m█[31m█[31m█[31m█[31m█[30m█[30m█
[31m█[31m█[33m█[33m█[34m█[34m█[31m█[31m█[31m█[31m█[34m█[34m█[33m█[33m█[31m█[31m█
[31m█[31m█[33m█[33m█[33m█[33m█[31m█[31m█[33m█[33m█[33m█[33m█[33m█[33m█[31m█[31m█
[31m█[31m█[33m█[33m█[34m█[34m█[33m█[33m█[33m█[33m█[34m█[34m█[33m█[33m█[31m█[31m█
[31m█[31m█[33m█[33m█[33m█[33m█[34m█[34m█[34m█[34m█[33m█[33m█[33m█[33m█[31m█[31m█
[30m█[30m█[31m█[31m█[33m█[33m█[33m█[33m█[33m█[33m█[33m█[33m█[31m█[31m█[30m█[30m█
[30m█[30m█[30m█[30m█[31m█[31m█[31m█[31m█[31m█[31m█[31m█[31m█[30m█[30m█[30m█[30m█
[0m
Visited node 22
[30m█[30m█[30m█[30m█[31m█[31m█[31m█[31m█[31m█[31m█[31m█[31m█[30m█[30m█[30m█[30m█
[30m█[30m█[31m█[31m█[31m█[31m█[31m█[31m█[31m█[31m█[31m█[31m█[31m█[31m█[30m█[30m█
[31m█[31m█[33m█[33m█[34m█[34m█[31m█[31m█[31m█[31m█[34m█[34m█[33m█[33m█[31m█[31m█
[31m█[31m█[33m█[33m█[33m█[33m█[31m█[31m█[31m█[31m█[33m█[33m█[33m█[33m█[31m█[31m█
[31m█[31m█[33m█[33m█[34m█[34m█[33m█[33m█[33m█[33m█[34m█[34m█[33m█[33m█[31m█[31m█
[31m█[31m█[33m█[33m█[33m█[33m█[34m█[34m█[34m█[34m█[33m█[33m█[33m█[33m█[31m█[31m█
[30m█[30m█[31m█[31m█[33m█[33m█[33m█[33m█[33m█[33m█[33m█[33m█[31m█[31m█[30m█[30m█
[30m█[30m█[30m█[30m█[31m█[31m█[31m█[31m█[31m█[31m█[31m█[31m█[30m█[30m█[30m█[30m█
[0m
Visited node 20
[30m█[30m█[30m█[30m█[31m█[31m█[31m█[31m█[31m█[31m█[31m█[31m█[30m█[30m█[30m█[30m█
[30m█[30m█[31m█[31m█[31m█[31m█[31m█[31m█[31m█[31m█[31m█[31m█[31m█[31m█[30m█[30m█
[31m█[31m█[33m█[33m█[34m█[34m█[31m█[31m█[31m█[31m█[34m█[34m█[33m█[33m█[31m█[31m█
[31m█[31m█[33m█[33m█[31m█[31m█[31m█[31m█[31m█[31m█[33m█[33m█[33m█[33m█[31m█[31m█
[31m█[31m█[33m█[33m█[34m█[34m█[33m█[33m█[33m█[33m█[34m█[34m█[33m█[33m█[31m█[31m█
[31m█[31m█[33m█[33m█[33m█[33m█[34m█[34m█[34m█[34m█[33m█[33m█[33m█[33m█[31m█[31m█
[30m█[30m█[31m█[31m█[33m█[33m█[33m█[33m█[33m█[33m█[33m█[33m█[31m█[31m█[30m█[30m█
[30m█[30m█[30m█[30m█[31m█[31m█[31m█[31m█[31m█[31m█[31m█[31m█[30m█[30m█[30m█[30m█
[0m
Visited node 29
[30m█[30m█[30m█[30m█[31m█[31m█[31m█[31m█[31m█[31m█[31m█[31m█[30m█[30m█[30m█[30m█
[30m█[30m█[31m█[31m█[31m█[31m█[31m█[31m█[31m█[31m█[31m█[31m█[31m█[31m█[30m█[30m█
[31m█[31m█[33m█[33m█[34m█[34m█[31m█[31m█[31m█[31m█[34m█[34m█[33m█[33m█[31m█[31m█
[31m█[31m█[33m█[33m█[31m█[31m█[31m█[31m█[31m█[31m█[33m█[33m█[33m█[33m█[31m█[31m█
[31m█[31m█[33m█[33m█[34m█[34m█[31m█[31m█[33m█[33m█[34m█[34m█[33m█[33m█[31m█[31m█
[31m█[31m█[33m█[33m█[33m█[33m█[34m█[34m█[34m█[34m█[33m█[33m█[33m█[33m█[31m█[31m█
[30m█[30m█[31m█[31m█[33m█[33m█[33m█[33m█[33m█[33m█[33m█[33m█[31m█[31m█[30m█[30m█
[30m█[30m█[30m█[30m█[31m█[31m█[31m█[31m█[31m█[31m█[31m█[31m█[30m█[30m█[30m█[30m█
[0m
Visited node 23
[30m█[30m█[30m█[30m█[31m█[31m█[31m█[31m█[31m█[31m█[31m█[31m█[30m█[30m█[30m█[30m█
[30m█[30m█[31m█[31m█[31m█[31m█[31m█[31m█[31m█[31m█[31m█[31m█[31m█[31m█[30m█[30m█
[31m█[31m█[33m█[33m█[34m█[34m█[31m█[31m█[31m█[31m█[34m█[34m█[33m█[33m█[31m█[31m█
[31m█[31m█[33m█[33m█[31m█[31m█[31m█[31m█[31m█[31m█[31m█[31m█[33m█[33m█[31m█[31m█
[31m█[31m█[33m█[33m█[34m█[34m█[31m█[31m█[33m█[33m█[34m█[34m█[33m█[33m█[31m█[31m█
[31m█[31m█[33m█[33m█[33m█[33m█[34m█[34m█[34m█[34m█[33m█[33m█[33m█[33m█[31m█[31m█
[30m█[30m█[31m█[31m█[33m█[33m█[33m█[33m█[33m█[33m█[33m█[33m█[31m█[31m█[30m█[30m█
[30m█[30m█[30m█[30m█[31m█[31m█[31m█[31m█[31m█[31m█[31m█[31m█[30m█[30m█[30m█[30m█
[0m
Visited node 30
[30m█[30m█[30m█[30m█[31m█[31m█[31m█[31m█[31m█[31m█[31m█[31m█[30m█[30m█[30m█[30m█
[30m█[30m█[31m█[31m█[31m█[31m█[31m█[31m█[31m█[31m█[31m█[31m█[31m█[31m█[30m█[30m█
[31m█[31m█[33m█[33m█[34m█[34m█[31m█[31m█[31m█[31m█[34m█[34m█[33m█[33m█[31m█[31m█
[31m█[31m█[33m█[33m█[31m█[31m█[31m█[31m█[31m█[31m█[31m█[31m█[33m█[33m█[31m█[31m█
[31m█[31m█[33m█[33m█[34m█[34m█[31m█[31m█[31m█[31m█[34m█[34m█[33m█[33m█[31m█[31m█
[31m█[31m█[33m█[33m█[33m█[33m█[34m█[34m█[34m█[34m█[33m█[33m█[33m█[33m█[31m█[31m█
[30m█[30m█[31m█[31m█[33m█[33m█[33m█[33m█[33m█[33m█[33m█[33m█[31m█[31m█[30m█[30m█
[30m█[30m█[30m█[30m█[31m█[31m█[31m█[31m█[31m█[31m█[31m█[31m█[30m█[30m█[30m█[30m█
[0m
Visited node 19
[30m█[30m█[30m█[30m█[31m█[31m█[31m█[31m█[31m█[31m█[31m█[31m█[30m█[30m█[30m█[30m█
[30m█[30m█[31m█[31m█[31m█[31m█[31m█[31m█[31m█[31m█[31m█[31m█[31m█[31m█[30m█[30m█
[31m█[31m█[33m█[33m█[34m█[34m█[31m█[31m█[31m█[31m█[34m█[34m█[33m█[33m█[31m█[31m█
[31m█[31m█[31m█[31m█[31m█[31m█[31m█[31m█[31m█[31m█[31m█[31m█[33m█[33m█[31m█[31m█
[31m█[31m█[33m█[33m█[34m█[34m█[31m█[31m█[31m█[31m█[34m█[34m█[33m█[33m█[31m█[31m█
[31m█[31m█[33m█[33m█[33m█[33m█[34m█[34m█[34m█[34m█[33m█[33m█[33m█[33m█[31m█[31m█
[30m█[30m█[31m█[31m█[33m█[33m█[33m█[33m█[33m█[33m█[33m█[33m█[31m█[31m█[30m█[30m█
[30m█[30m█[30m█[30m█[31m█[31m█[31m█[31m█[31m█[31m█[31m█[31m█[30m█[30m█[30m█[30m█
[0m
Visited node 24
[30m█[30m█[30m█[30m█[31m█[31m█[31m█[31m█[31m█[31m█[31m█[31m█[30m█[30m█[30m█[30m█
[30m█[30m█[31m█[31m█[31m█[31m█[31m█[31m█[31m█[31m█[31m█[31m█[31m█[31m█[30m█[30m█
[31m█[31m█[33m█[33m█[34m█[34m█[31m█[31m█[31m█[31m█[34m█[34m█[33m█[33m█[31m█[31m█
[31m█[31m█[31m█[31m█[31m█[31m█[31m█[31m█[31m█[31m█[31m█[31m█[31m█[31m█[31m█[31m█
[31m█[31m█[33m█[33m█[34m█[34m█[31m█[31m█[31m█[31m█[34m█[34m█[33m█[33m█[31m█[31m█
[31m█[31m█[33m█[33m█[33m█[33m█[34m█[34m█[34m█[34m█[33m█[33m█[33m█[33m█[31m█[31m█
[30m█[30m█[31m█[31m█[33m█[33m█[33m█[33m█[33m█[33m█[33m█[33m█[31m█[31m█[30m█[30m█
[30m█[30m█[30m█[30m█[31m█[31m█[31m█[31m█[31m█[31m█[31m█[31m█[30m█[30m█[30m█[30m█
[0m
Visited node 11
[30m█[30m█[30m█[30m█[31m█[31m█[31m█[31m█[31m█[31m█[31m█[31m█[30m█[30m█[30m█[30m█
[30m█[30m█[31m█[31m█[31m█[31m█[31m█[31m█[31m█[31m█[31m█[31m█[31m█[31m█[30m█[30m█
[31m█[31m█[31m█[31m█[34m█[34m█[31m█[31m█[31m█[31m█[34m█[34m█[33m█[33m█[31m█[31m█
[31m█[31m█[31m█[31m█[31m█[31m█[31m█[31m█[31m█[31m█[31m█[31m█[31m█[31m█[31m█[31m█
[31m█[31m█[33m█[33m█[34m█[34m█[31m█[31m█[31m█[31m█[34m█[34m█[33m█[33m█[31m█[31m█
[31m█[31m█[33m█[33m█[33m█[33m█[34m█[34m█[34m█[34m█[33m█[33m█[33m█[33m█[31m█[31m█
[30m█[30m█[31m█[31m█[33m█[33m█[33m█[33m█[33m█[33m█[33m█[33m█[31m█[31m█[30m█[30m█
[30m█[30m█[30m█[30m█[31m█[31m█[31m█[31m█[31m█[31m█[31m█[31m█[30m█[30m█[30m█[30m█
[0m
Visited node 27
[30m█[30m█[30m█[30m█[31m█[31m█[31m█[31m█[31m█[31m█[31m█[31m█[30m█[30m█[30m█[30m█
[30m█[30m█[31m█[31m█[31m█[31m█[31m█[31m█[31m█[31m█[31m█[31m█[31m█[31m█[30m█[30m█
[31m█[31m█[31m█[31m█[34m█[34m█[31m█[31m█[31m█[31m█[34m█[34m█[33m█[33m█[31m█[31m█
[31m█[31m█[31m█[31m█[31m█[31m█[31m█[31m█[31m█[31m█[31m█[31m█[31m█[31m█[31m█[31m█
[31m█[31m█[31m█[31m█[34m█[34m█[31m█[31m█[31m█[31m█[34m█[34m█[33m█[33m█[31m█[31m█
[31m█[31m█[33m█[33m█[33m█[33m█[34m█[34m█[34m█[34m█[33m█[33m█[33m█[33m█[31m█[31m█
[30m█[30m█[31m█[31m█[33m█[33m█[33m█[33m█[33m█[33m█[33m█[33m█[31m█[31m█[30m█[30m█
[30m█[30m█[30m█[30m█[31m█[31m█[31m█[31m█[31m█[31m█[31m█[31m█[30m█[30m█[30m█[30m█
[0m
Visited node 16
[30m█[30m█[30m█[30m█[31m█[31m█[31m█[31m█[31m█[31m█[31m█[31m█[30m█[30m█[30m█[30m█
[30m█[30m█[31m█[31m█[31m█[31m█[31m█[31m█[31m█[31m█[31m█[31m█[31m█[31m█[30m█[30m█
[31m█[31m█[31m█[31m█[34m█[34m█[31m█[31m█[31m█[31m█[34m█[34m█[31m█[31m█[31m█[31m█
[31m█[31m█[31m█[31m█[31m█[31m█[31m█[31m█[31m█[31m█[31m█[31m█[31m█[31m█[31m█[31m█
[31m█[31m█[31m█[31m█[34m█[34m█[31m█[31m█[31m█[31m█[34m█[34m█[33m█[33m█[31m█[31m█
[31m█[31m█[33m█[33m█[33m█[33m█[34m█[34m█[34m█[34m█[33m█[33m█[33m█[33m█[31m█[31m█
[30m█[30m█[31m█[31m█[33m█[33m█[33m█[33m█[33m█[33m█[33m█[33m█[31m█[31m█[30m█[30m█
[30m█[30m█[30m█[30m█[31m█[31m█[31m█[31m█[31m█[31m█[31m█[31m█[30m█[30m█[30m█[30m█
[0m
Visited node 32
[30m█[30m█[30m█[30m█[31m█[31m█[31m█[31m█[31m█[31m█[31m█[31m█[30m█[30m█[30m█[30m█
[30m█[30m█[31m█[31m█[31m█[31m█[31m█[31m█[31m█[31m█[31m█[31m█[31m█[31m█[30m█[30m█
[31m█[31m█[31m█[31m█[34m█[34m█[31m█[31m█[31m█[31m█[34m█[34m█[31m█[31m█[31m█[31m█
[31m█[31m█[31m█[31m█[31m█[31m█[31m█[31m█[31m█[31m█[31m█[31m█[31m█[31m█[31m█[31m█
[31m█[31m█[31m█[31m█[34m█[34m█[31m█[31m█[31m█[31m█[34m█[34m█[31m█[31m█[31m█[31m█
[31m█[31m█[33m█[33m█[33m█[33m█[34m█[34m█[34m█[34m█[33m█[33m█[33m█[33m█[31m█[31m█
[30m█[30m█[31m█[31m█[33m█[33m█[33m█[33m█[33m█[33m█[33m█[33m█[31m█[31m█[30m█[30m█
[30m█[30m█[30m█[30m█[31m█[31m█[31m█[31m█[31m█[31m█[31m█[31m█[30m█[30m█[30m█[30m█
[0m
Visited node 35
[30m█[30m█[30m█[30m█[31m█[31m█[31m█[31m█[31m█[31m█[31m█[31m█[30m█[30m█[30m█[30m█
[30m█[30m█[31m█[31m█[31m█[31m█[31m█[31m█[31m█[31m█[31m█[31m█[31m█[31m█[30m█[30m█
[31m█[31m█[31m█[31m█[34m█[34m█[31m█[31m█[31m█[31m█[34m█[34m█[31m█[31m█[31m█[31m█
[31m█[31m█[31m█[31m█[31m█[31m█[31m█[31m█[31m█[31m█[31m█[31m█[31m█[31m█[31m█[31m█
[31m█[31m█[31m█[31m█[34m█[34m█[31m█[31m█[31m█[31m█[34m█[34m█[31m█[31m█[31m█[31m█
[31m█[31m█[31m█[31m█[33m█[33m█[34m█[34m█[34m█[34m█[33m█[33m█[33m█[33m█[31m█[31m█
[30m█[30m█[31m█[31m█[33m█[33m█[33m█[33m█[33m█[33m█[33m█[33m█[31m█[31m█[30m█[30m█
[30m█[30m█[30m█[30m█[31m█[31m█[31m█[31m█[31m█[31m█[31m█[31m█[30m█[30m█[30m█[30m█
[0m
Visited node 40
[30m█[30m█[30m█[30m█[31m█[31m█[31m█[31m█[31m█[31m█[31m█[31m█[30m█[30m█[30m█[30m█
[30m█[30m█[31m█[31m█[31m█[31m█[31m█[31m█[31m█[31m█[31m█[31m█[31m█[31m█[30m█[30m█
[31m█[31m█[31m█[31m█[34m█[34m█[31m█[31m█[31m█[31m█[34m█[34m█[31m█[31m█[31m█[31m█
[31m█[31m█[31m█[31m█[31m█[31m█[31m█[31m█[31m█[31m█[31m█[31m█[31m█[31m█[31m█[31m█
[31m█[31m█[31m█[31m█[34m█[34m█[31m█[31m█[31m█[31m█[34m█[34m█[31m█[31m█[31m█[31m█
[31m█[31m█[31m█[31m█[33m█[33m█[34m█[34m█[34m█[34m█[33m█[33m█[31m█[31m█[31m█[31m█
[30m█[30m█[31m█[31m█[33m█[33m█[33m█[33m█[33m█[33m█[33m█[33m█[31m█[31m█[30m█[30m█
[30m█[30m█[30m█[30m█[31m█[31m█[31m█[31m█[31m█[31m█[31m█[31m█[30m█[30m█[30m█[30m█
[0m
Visited node 36
[30m█[30m█[30m█[30m█[31m█[31m█[31m█[31m█[31m█[31m█[31m█[31m█[30m█[30m█[30m█[30m█
[30m█[30m█[31m█[31m█[31m█[31m█[31m█[31m█[31m█[31m█[31m█[31m█[31m█[31m█[30m█[30m█
[31m█[31m█[31m█[31m█[34m█[34m█[31m█[31m█[31m█[31m█[34m█[34m█[31m█[31m█[31m█[31m█
[31m█[31m█[31m█[31m█[31m█[31m█[31m█[31m█[31m█[31m█[31m█[31m█[31m█[31m█[31m█[31m█
[31m█[31m█[31m█[31m█[34m█[34m█[31m█[31m█[31m█[31m█[34m█[34m█[31m█[31m█[31m█[31m█
[31m█[31m█[31m█[31m█[31m█[31m█[34m█[34m█[34m█[34m█[33m█[33m█[31m█[31m█[31m█[31m█
[30m█[30m█[31m█[31m█[33m█[33m█[33m█[33m█[33m█[33m█[33m█[33m█[31m█[31m█[30m█[30m█
[30m█[30m█[30m█[30m█[31m█[31m█[31m█[31m█[31m█[31m█[31m█[31m█[30m█[30m█[30m█[30m█
[0m
Visited node 39
[30m█[30m█[30m█[30m█[31m█[31m█[31m█[31m█[31m█[31m█[31m█[31m█[30m█[30m█[30m█[30m█
[30m█[30m█[31m█[31m█[31m█[31m█[31m█[31m█[31m█[31m█[31m█[31m█[31m█[31m█[30m█[30m█
[31m█[31m█[31m█[31m█[34m█[34m█[31m█[31m█[31m█[31m█[34m█[34m█[31m█[31m█[31m█[31m█
[31m█[31m█[31m█[31m█[31m█[31m█[31m█[31m█[31m█[31m█[31m█[31m█[31m█[31m█[31m█[31m█
[31m█[31m█[31m█[31m█[34m█[34m█[31m█[31m█[31m█[31m█[34m█[34m█[31m█[31m█[31m█[31m█
[31m█[31m█[31m█[31m█[31m█[31m█[34m█[34m█[34m█[34m█[31m█[31m█[31m█[31m█[31m█[31m█
[30m█[30m█[31m█[31m█[33m█[33m█[33m█[33m█[33m█[33m█[33m█[33m█[31m█[31m█[30m█[30m█
[30m█[30m█[30m█[30m█[31m█[31m█[31m█[31m█[31m█[31m█[31m█[31m█[30m█[30m█[30m█[30m█
[0m
Visited node 43
[30m█[30m█[30m█[30m█[31m█[31m█[31m█[31m█[31m█[31m█[31m█[31m█[30m█[30m█[30m█[30m█
[30m█[30m█[31m█[31m█[31m█[31m█[31m█[31m█[31m█[31m█[31m█[31m█[31m█[31m█[30m█[30m█
[31m█[31m█[31m█[31m█[34m█[34m█[31m█[31m█[31m█[31m█[34m█[34m█[31m█[31m█[31m█[31m█
[31m█[31m█[31m█[31m█[31m█[31m█[31m█[31m█[31m█[31m█[31m█[31m█[31m█[31m█[31m█[31m█
[31m█[31m█[31m█[31m█[34m█[34m█[31m█[31m█[31m█[31m█[34m█[34m█[31m█[31m█[31m█[31m█
[31m█[31m█[31m█[31m█[31m█[31m█[34m█[34m█[34m█[34m█[31m█[31m█[31m█[31m█[31m█[31m█
[30m█[30m█[31m█[31m█[31m█[31m█[33m█[33m█[33m█[33m█[33m█[33m█[31m█[31m█[30m█[30m█
[30m█[30m█[30m█[30m█[31m█[31m█[31m█[31m█[31m█[31m█[31m█[31m█[30m█[30m█[30m█[30m█
[0m
Visited node 46
[30m█[30m█[30m█[30m█[31m█[31m█[31m█[31m█[31m█[31m█[31m█[31m█[30m█[30m█[30m█[30m█
[30m█[30m█[31m█[31m█[31m█[31m█[31m█[31m█[31m█[31m█[31m█[31m█[31m█[31m█[30m█[30m█
[31m█[31m█[31m█[31m█[34m█[34m█[31m█[31m█[31m█[31m█[34m█[34m█[31m█[31m█[31m█[31m█
[31m█[31m█[31m█[31m█[31m█[31m█[31m█[31m█[31m█[31m█[31m█[31m█[31m█[31m█[31m█[31m█
[31m█[31m█[31m█[31m█[34m█[34m█[31m█[31m█[31m█[31m█[34m█[34m█[31m█[31m█[31m█[31m█
[31m█[31m█[31m█[31m█[31m█[31m█[34m█[34m█[34m█[34m█[31m█[31m█[31m█[31m█[31m█[31m█
[30m█[30m█[31m█[31m█[31m█[31m█[33m█[33m█[33m█[33m█[31m█[31m█[31m█[31m█[30m█[30m█
[30m█[30m█[30m█[30m█[31m█[31m█[31m█[31m█[31m█[31m█[31m█[31m█[30m█[30m█[30m█[30m█
[0m
Visited node 44
[30m█[30m█[30m█[30m█[31m█[31m█[31m█[31m█[31m█[31m█[31m█[31m█[30m█[30m█[30m█[30m█
[30m█[30m█[31m█[31m█[31m█[31m█[31m█[31m█[31m█[31m█[31m█[31m█[31m█[31m█[30m█[30m█
[31m█[31m█[31m█[31m█[34m█[34m█[31m█[31m█[31m█[31m█[34m█[34m█[31m█[31m█[31m█[31m█
[31m█[31m█[31m█[31m█[31m█[31m█[31m█[31m█[31m█[31m█[31m█[31m█[31m█[31m█[31m█[31m█
[31m█[31m█[31m█[31m█[34m█[34m█[31m█[31m█[31m█[31m█[34m█[34m█[31m█[31m█[31m█[31m█
[31m█[31m█[31m█[31m█[31m█[31m█[34m█[34m█[34m█[34m█[31m█[31m█[31m█[31m█[31m█[31m█
[30m█[30m█[31m█[31m█[31m█[31m█[31m█[31m█[33m█[33m█[31m█[31m█[31m█[31m█[30m█[30m█
[30m█[30m█[30m█[30m█[31m█[31m█[31m█[31m█[31m█[31m█[31m█[31m█[30m█[30m█[30m█[30m█
[0m
Visited node 45
[30m█[30m█[30m█[30m█[31m█[31m█[31m█[31m█[31m█[31m█[31m█[31m█[30m█[30m█[30m█[30m█
[30m█[30m█[31m█[31m█[31m█[31m█[31m█[31m█[31m█[31m█[31m█[31m█[31m█[31m█[30m█[30m█
[31m█[31m█[31m█[31m█[34m█[34m█[31m█[31m█[31m█[31m█[34m█[34m█[31m█[31m█[31m█[31m█
[31m█[31m█[31m█[31m█[31m█[31m█[31m█[31m█[31m█[31m█[31m█[31m█[31m█[31m█[31m█[31m█
[31m█[31m█[31m█[31m█[34m█[34m█[31m█[31m█[31m█[31m█[34m█[34m█[31m█[31m█[31m█[31m█
[31m█[31m█[31m█[31m█[31m█[31m█[34m█[34m█[34m█[34m█[31m█[31m█[31m█[31m█[31m█[31m█
[30m█[30m█[31m█[31m█[31m█[31m█[31m█[31m█[31m█[31m█[31m█[31m█[31m█[31m█[30m█[30m█
[30m█[30m█[30m█[30m█[31m█[31m█[31m█[31m█[31m█[31m█[31m█[31m█[30m█[30m█[30m█[30m█
[0m
Starting DFS; initial state:
[30m█[30m█[30m█[30m█[31m█[31m█[31m█[31m█[31m█[31m█[31m█[31m█[30m█[30m█[30m█[30m█
[30m█[30m█[31m█[31m█[33m█[33m█[33m█[33m█[33m█[33m█[33m█[33m█[31m█[31m█[30m█[30m█
[31m█[31m█[33m█[33m█[34m█[34m█[33m█[33m█[33m█[33m█[34m█[34m█[33m█[33m█[31m█[31m█
[31m█[31m█[33m█[33m█[33m█[33m█[33m█[33m█[33m█[33m█[33m█[33m█[33m█[33m█[31m█[31m█
[31m█[31m█[33m█[33m█[34m█[34m█[33m█[33m█[33m█[33m█[34m█[34m█[33m█[33m█[31m█[31m█
[31m█[31m█[33m█[33m█[33m█[33m█[34m█[34m█[34m█[34m█[33m█[33m█[33m█[33m█[31m█[31m█
[30m█[30m█[31m█[31m█[33m█[33m█[33m█[33m█[33m█[33m█[33m█[33m█[31m█[31m█[30m█[30m█
[30m█[30m█[30m█[30m█[31m█[31m█[31m█[31m█[31m█[31m█[31m█[31m█[30m█[30m█[30m█[30m█
[0m
Visited node 6
[30m█[30m█[30m█[30m█[31m█[31m█[31m█[31m█[31m█[31m█[31m█[31m█[30m█[30m█[30m█[30m█
[30m█[30m█[31m█[31m█[33m█[33m█[31m█[31m█[33m█[33m█[33m█[33m█[31m█[31m█[30m█[30m█
[31m█[31m█[33m█[33m█[34m█[34m█[33m█[33m█[33m█[33m█[34m█[34m█[33m█[33m█[31m█[31m█
[31m█[31m█[33m█[33m█[33m█[33m█[33m█[33m█[33m█[33m█[33m█[33m█[33m█[33m█[31m█[31m█
[31m█[31m█[33m█[33m█[34m█[34m█[33m█[33m█[33m█[33m█[34m█[34m█[33m█[33m█[31m█[31m█
[31m█[31m█[33m█[33m█[33m█[33m█[34m█[34m█[34m█[34m█[33m█[33m█[33m█[33m█[31m█[31m█
[30m█[30m█[31m█[31m█[33m█[33m█[33m█[33m█[33m█[33m█[33m█[33m█[31m█[31m█[30m█[30m█
[30m█[30m█[30m█[30m█[31m█[31m█[31m█[31m█[31m█[31m█[31m█[31m█[30m█[30m█[30m█[30m█
[0m
Visited node 5
[30m█[30m█[30m█[30m█[31m█[31m█[31m█[31m█[31m█[31m█[31m█[31m█[30m█[30m█[30m█[30m█
[30m█[30m█[31m█[31m█[31m█[31m█[31m█[31m█[33m█[33m█[33m█[33m█[31m█[31m█[30m█[30m█
[31m█[31m█[33m█[33m█[34m█[34m█[33m█[33m█[33m█[33m█[34m█[34m█[33m█[33m█[31m█[31m█
[31m█[31m█[33m█[33m█[33m█[33m█[33m█[33m█[33m█[33m█[33m█[33m█[33m█[33m█[31m█[31m█
[31m█[31m█[33m█[33m█[34m█[34m█[33m█[33m█[33m█[33m█[34m█[34m█[33m█[33m█[31m█[31m█
[31m█[31m█[33m█[33m█[33m█[33m█[34m█[34m█[34m█[34m█[33m█[33m█[33m█[33m█[31m█[31m█
[30m█[30m█[31m█[31m█[33m█[33m█[33m█[33m█[33m█[33m█[33m█[33m█[31m█[31m█[30m█[30m█
[30m█[30m█[30m█[30m█[31m█[31m█[31m█[31m█[31m█[31m█[31m█[31m█[30m█[30m█[30m█[30m█
[0m
Visited node 7
[30m█[30m█[30m█[30m█[31m█[31m█[31m█[31m█[31m█[31m█[31m█[31m█[30m█[30m█[30m█[30m█
[30m█[30m█[31m█[31m█[31m█[31m█[31m█[31m█[31m█[31m█[33m█[33m█[31m█[31m█[30m█[30m█
[31m█[31m█[33m█[33m█[34m█[34m█[33m█[33m█[33m█[33m█[34m█[34m█[33m█[33m█[31m█[31m█
[31m█[31m█[33m█[33m█[33m█[33m█[33m█[33m█[33m█[33m█[33m█[33m█[33m█[33m█[31m█[31m█
[31m█[31m█[33m█[33m█[34m█[34m█[33m█[33m█[33m█[33m█[34m█[34m█[33m█[33m█[31m█[31m█
[31m█[31m█[33m█[33m█[33m█[33m█[34m█[34m█[34m█[34m█[33m█[33m█[33m█[33m█[31m█[31m█
[30m█[30m█[31m█[31m█[33m█[33m█[33m█[33m█[33m█[33m█[33m█[33m█[31m█[31m█[30m█[30m█
[30m█[30m█[30m█[30m█[31m█[31m█[31m█[31m█[31m█[31m█[31m█[31m█[30m█[30m█[30m█[30m█
[0m
Visited node 8
[30m█[30m█[30m█[30m█[31m█[31m█[31m█[31m█[31m█[31m█[31m█[31m█[30m█[30m█[30m█[30m█
[30m█[30m█[31m█[31m█[31m█[31m█[31m█[31m█[31m█[31m█[31m█[31m█[31m█[31m█[30m█[30m█
[31m█[31m█[33m█[33m█[34m█[34m█[33m█[33m█[33m█[33m█[34m█[34m█[33m█[33m█[31m█[31m█
[31m█[31m█[33m█[33m█[33m█[33m█[33m█[33m█[33m█[33m█[33m█[33m█[33m█[33m█[31m█[31m█
[31m█[31m█[33m█[33m█[34m█[34m█[33m█[33m█[33m█[33m█[34m█[34m█[33m█[33m█[31m█[31m█
[31m█[31m█[33m█[33m█[33m█[33m█[34m█[34m█[34m█[34m█[33m█[33m█[33m█[33m█[31m█[31m█
[30m█[30m█[31m█[31m█[33m█[33m█[33m█[33m█[33m█[33m█[33m█[33m█[31m█[31m█[30m█[30m█
[30m█[30m█[30m█[30m█[31m█[31m█[31m█[31m█[31m█[31m█[31m█[31m█[30m█[30m█[30m█[30m█
[0m
Visited node 14
[30m█[30m█[30m█[30m█[31m█[31m█[31m█[31m█[31m█[31m█[31m█[31m█[30m█[30m█[30m█[30m█
[30m█[30m█[31m█[31m█[31m█[31m█[31m█[31m█[31m█[31m█[31m█[31m█[31m█[31m█[30m█[30m█
[31m█[31m█[33m█[33m█[34m█[34m█[33m█[33m█[31m█[31m█[34m█[34m█[33m█[33m█[31m█[31m█
[31m█[31m█[33m█[33m█[33m█[33m█[33m█[33m█[33m█[33m█[33m█[33m█[33m█[33m█[31m█[31m█
[31m█[31m█[33m█[33m█[34m█[34m█[33m█[33m█[33m█[33m█[34m█[34m█[33m█[33m█[31m█[31m█
[31m█[31m█[33m█[33m█[33m█[33m█[34m█[34m█[34m█[34m█[33m█[33m█[33m█[33m█[31m█[31m█
[30m█[30m█[31m█[31m█[33m█[33m█[33m█[33m█[33m█[33m█[33m█[33m█[31m█[31m█[30m█[30m█
[30m█[30m█[30m█[30m█[31m█[31m█[31m█[31m█[31m█[31m█[31m█[31m█[30m█[30m█[30m█[30m█
[0m
Visited node 13
[30m█[30m█[30m█[30m█[31m█[31m█[31m█[31m█[31m█[31m█[31m█[31m█[30m█[30m█[30m█[30m█
[30m█[30m█[31m█[31m█[31m█[31m█[31m█[31m█[31m█[31m█[31m█[31m█[31m█[31m█[30m█[30m█
[31m█[31m█[33m█[33m█[34m█[34m█[31m█[31m█[31m█[31m█[34m█[34m█[33m█[33m█[31m█[31m█
[31m█[31m█[33m█[33m█[33m█[33m█[33m█[33m█[33m█[33m█[33m█[33m█[33m█[33m█[31m█[31m█
[31m█[31m█[33m█[33m█[34m█[34m█[33m█[33m█[33m█[33m█[34m█[34m█[33m█[33m█[31m█[31m█
[31m█[31m█[33m█[33m█[33m█[33m█[34m█[34m█[34m█[34m█[33m█[33m█[33m█[33m█[31m█[31m█
[30m█[30m█[31m█[31m█[33m█[33m█[33m█[33m█[33m█[33m█[33m█[33m█[31m█[31m█[30m█[30m█
[30m█[30m█[30m█[30m█[31m█[31m█[31m█[31m█[31m█[31m█[31m█[31m█[30m█[30m█[30m█[30m█
[0m
Visited node 21
[30m█[30m█[30m█[30m█[31m█[31m█[31m█[31m█[31m█[31m█[31m█[31m█[30m█[30m█[30m█[30m█
[30m█[30m█[31m█[31m█[31m█[31m█[31m█[31m█[31m█[31m█[31m█[31m█[31m█[31m█[30m█[30m█
[31m█[31m█[33m█[33m█[34m█[34m█[31m█[31m█[31m█[31m█[34m█[34m█[33m█[33m█[31m█[31m█
[31m█[31m█[33m█[33m█[33m█[33m█[31m█[31m█[33m█[33m█[33m█[33m█[33m█[33m█[31m█[31m█
[31m█[31m█[33m█[33m█[34m█[34m█[33m█[33m█[33m█[33m█[34m█[34m█[33m█[33m█[31m█[31m█
[31m█[31m█[33m█[33m█[33m█[33m█[34m█[34m█[34m█[34m█[33m█[33m█[33m█[33m█[31m█[31m█
[30m█[30m█[31m█[31m█[33m█[33m█[33m█[33m█[33m█[33m█[33m█[33m█[31m█[31m█[30m█[30m█
[30m█[30m█[30m█[30m█[31m█[31m█[31m█[31m█[31m█[31m█[31m█[31m█[30m█[30m█[30m█[30m█
[0m
Visited node 20
[30m█[30m█[30m█[30m█[31m█[31m█[31m█[31m█[31m█[31m█[31m█[31m█[30m█[30m█[30m█[30m█
[30m█[30m█[31m█[31m█[31m█[31m█[31m█[31m█[31m█[31m█[31m█[31m█[31m█[31m█[30m█[30m█
[31m█[31m█[33m█[33m█[34m█[34m█[31m█[31m█[31m█[31m█[34m█[34m█[33m█[33m█[31m█[31m█
[31m█[31m█[33m█[33m█[31m█[31m█[31m█[31m█[33m█[33m█[33m█[33m█[33m█[33m█[31m█[31m█
[31m█[31m█[33m█[33m█[34m█[34m█[33m█[33m█[33m█[33m█[34m█[34m█[33m█[33m█[31m█[31m█
[31m█[31m█[33m█[33m█[33m█[33m█[34m█[34m█[34m█[34m█[33m█[33m█[33m█[33m█[31m█[31m█
[30m█[30m█[31m█[31m█[33m█[33m█[33m█[33m█[33m█[33m█[33m█[33m█[31m█[31m█[30m█[30m█
[30m█[30m█[30m█[30m█[31m█[31m█[31m█[31m█[31m█[31m█[31m█[31m█[30m█[30m█[30m█[30m█
[0m
Visited node 19
[30m█[30m█[30m█[30m█[31m█[31m█[31m█[31m█[31m█[31m█[31m█[31m█[30m█[30m█[30m█[30m█
[30m█[30m█[31m█[31m█[31m█[31m█[31m█[31m█[31m█[31m█[31m█[31m█[31m█[31m█[30m█[30m█
[31m█[31m█[33m█[33m█[34m█[34m█[31m█[31m█[31m█[31m█[34m█[34m█[33m█[33m█[31m█[31m█
[31m█[31m█[31m█[31m█[31m█[31m█[31m█[31m█[33m█[33m█[33m█[33m█[33m█[33m█[31m█[31m█
[31m█[31m█[33m█[33m█[34m█[34m█[33m█[33m█[33m█[33m█[34m█[34m█[33m█[33m█[31m█[31m█
[31m█[31m█[33m█[33m█[33m█[33m█[34m█[34m█[34m█[34m█[33m█[33m█[33m█[33m█[31m█[31m█
[30m█[30m█[31m█[31m█[33m█[33m█[33m█[33m█[33m█[33m█[33m█[33m█[31m█[31m█[30m█[30m█
[30m█[30m█[30m█[30m█[31m█[31m█[31m█[31m█[31m█[31m█[31m█[31m█[30m█[30m█[30m█[30m█
[0m
Visited node 11
[30m█[30m█[30m█[30m█[31m█[31m█[31m█[31m█[31m█[31m█[31m█[31m█[30m█[30m█[30m█[30m█
[30m█[30m█[31m█[31m█[31m█[31m█[31m█[31m█[31m█[31m█[31m█[31m█[31m█[31m█[30m█[30m█
[31m█[31m█[31m█[31m█[34m█[34m█[31m█[31m█[31m█[31m█[34m█[34m█[33m█[33m█[31m█[31m█
[31m█[31m█[31m█[31m█[31m█[31m█[31m█[31m█[33m█[33m█[33m█[33m█[33m█[33m█[31m█[31m█
[31m█[31m█[33m█[33m█[34m█[34m█[33m█[33m█[33m█[33m█[34m█[34m█[33m█[33m█[31m█[31m█
[31m█[31m█[33m█[33m█[33m█[33m█[34m█[34m█[34m█[34m█[33m█[33m█[33m█[33m█[31m█[31m█
[30m█[30m█[31m█[31m█[33m█[33m█[33m█[33m█[33m█[33m█[33m█[33m█[31m█[31m█[30m█[30m█
[30m█[30m█[30m█[30m█[31m█[31m█[31m█[31m█[31m█[31m█[31m█[31m█[30m█[30m█[30m█[30m█
[0m
Visited node 27
[30m█[30m█[30m█[30m█[31m█[31m█[31m█[31m█[31m█[31m█[31m█[31m█[30m█[30m█[30m█[30m█
[30m█[30m█[31m█[31m█[31m█[31m█[31m█[31m█[31m█[31m█[31m█[31m█[31m█[31m█[30m█[30m█
[31m█[31m█[31m█[31m█[34m█[34m█[31m█[31m█[31m█[31m█[34m█[34m█[33m█[33m█[31m█[31m█
[31m█[31m█[31m█[31m█[31m█[31m█[31m█[31m█[33m█[33m█[33m█[33m█[33m█[33m█[31m█[31m█
[31m█[31m█[31m█[31m█[34m█[34m█[33m█[33m█[33m█[33m█[34m█[34m█[33m█[33m█[31m█[31m█
[31m█[31m█[33m█[33m█[33m█[33m█[34m█[34m█[34m█[34m█[33m█[33m█[33m█[33m█[31m█[31m█
[30m█[30m█[31m█[31m█[33m█[33m█[33m█[33m█[33m█[33m█[33m█[33m█[31m█[31m█[30m█[30m█
[30m█[30m█[30m█[30m█[31m█[31m█[31m█[31m█[31m█[31m█[31m█[31m█[30m█[30m█[30m█[30m█
[0m
Visited node 35
[30m█[30m█[30m█[30m█[31m█[31m█[31m█[31m█[31m█[31m█[31m█[31m█[30m█[30m█[30m█[30m█
[30m█[30m█[31m█[31m█[31m█[31m█[31m█[31m█[31m█[31m█[31m█[31m█[31m█[31m█[30m█[30m█
[31m█[31m█[31m█[31m█[34m█[34m█[31m█[31m█[31m█[31m█[34m█[34m█[33m█[33m█[31m█[31m█
[31m█[31m█[31m█[31m█[31m█[31m█[31m█[31m█[33m█[33m█[33m█[33m█[33m█[33m█[31m█[31m█
[31m█[31m█[31m█[31m█[34m█[34m█[33m█[33m█[33m█[33m█[34m█[34m█[33m█[33m█[31m█[31m█
[31m█[31m█[31m█[31m█[33m█[33m█[34m█[34m█[34m█[34m█[33m█[33m█[33m█[33m█[31m█[31m█
[30m█[30m█[31m█[31m█[33m█[33m█[33m█[33m█[33m█[33m█[33m█[33m█[31m█[31m█[30m█[30m█
[30m█[30m█[30m█[30m█[31m█[31m█[31m█[31m█[31m█[31m█[31m█[31m█[30m█[30m█[30m█[30m█
[0m
Visited node 36
[30m█[30m█[30m█[30m█[31m█[31m█[31m█[31m█[31m█[31m█[31m█[31m█[30m█[30m█[30m█[30m█
[30m█[30m█[31m█[31m█[31m█[31m█[31m█[31m█[31m█[31m█[31m█[31m█[31m█[31m█[30m█[30m█
[31m█[31m█[31m█[31m█[34m█[34m█[31m█[31m█[31m█[31m█[34m█[34m█[33m█[33m█[31m█[31m█
[31m█[31m█[31m█[31m█[31m█[31m█[31m█[31m█[33m█[33m█[33m█[33m█[33m█[33m█[31m█[31m█
[31m█[31m█[31m█[31m█[34m█[34m█[33m█[33m█[33m█[33m█[34m█[34m█[33m█[33m█[31m█[31m█
[31m█[31m█[31m█[31m█[31m█[31m█[34m█[34m█[34m█[34m█[33m█[33m█[33m█[33m█[31m█[31m█
[30m█[30m█[31m█[31m█[33m█[33m█[33m█[33m█[33m█[33m█[33m█[33m█[31m█[31m█[30m█[30m█
[30m█[30m█[30m█[30m█[31m█[31m█[31m█[31m█[31m█[31m█[31m█[31m█[30m█[30m█[30m█[30m█
[0m
Visited node 43
[30m█[30m█[30m█[30m█[31m█[31m█[31m█[31m█[31m█[31m█[31m█[31m█[30m█[30m█[30m█[30m█
[30m█[30m█[31m█[31m█[31m█[31m█[31m█[31m█[31m█[31m█[31m█[31m█[31m█[31m█[30m█[30m█
[31m█[31m█[31m█[31m█[34m█[34m█[31m█[31m█[31m█[31m█[34m█[34m█[33m█[33m█[31m█[31m█
[31m█[31m█[31m█[31m█[31m█[31m█[31m█[31m█[33m█[33m█[33m█[33m█[33m█[33m█[31m█[31m█
[31m█[31m█[31m█[31m█[34m█[34m█[33m█[33m█[33m█[33m█[34m█[34m█[33m█[33m█[31m█[31m█
[31m█[31m█[31m█[31m█[31m█[31m█[34m█[34m█[34m█[34m█[33m█[33m█[33m█[33m█[31m█[31m█
[30m█[30m█[31m█[31m█[31m█[31m█[33m█[33m█[33m█[33m█[33m█[33m█[31m█[31m█[30m█[30m█
[30m█[30m█[30m█[30m█[31m█[31m█[31m█[31m█[31m█[31m█[31m█[31m█[30m█[30m█[30m█[30m█
[0m
Visited node 44
[30m█[30m█[30m█[30m█[31m█[31m█[31m█[31m█[31m█[31m█[31m█[31m█[30m█[30m█[30m█[30m█
[30m█[30m█[31m█[31m█[31m█[31m█[31m█[31m█[31m█[31m█[31m█[31m█[31m█[31m█[30m█[30m█
[31m█[31m█[31m█[31m█[34m█[34m█[31m█[31m█[31m█[31m█[34m█[34m█[33m█[33m█[31m█[31m█
[31m█[31m█[31m█[31m█[31m█[31m█[31m█[31m█[33m█[33m█[33m█[33m█[33m█[33m█[31m█[31m█
[31m█[31m█[31m█[31m█[34m█[34m█[33m█[33m█[33m█[33m█[34m█[34m█[33m█[33m█[31m█[31m█
[31m█[31m█[31m█[31m█[31m█[31m█[34m█[34m█[34m█[34m█[33m█[33m█[33m█[33m█[31m█[31m█
[30m█[30m█[31m█[31m█[31m█[31m█[31m█[31m█[33m█[33m█[33m█[33m█[31m█[31m█[30m█[30m█
[30m█[30m█[30m█[30m█[31m█[31m█[31m█[31m█[31m█[31m█[31m█[31m█[30m█[30m█[30m█[30m█
[0m
Visited node 45
[30m█[30m█[30m█[30m█[31m█[31m█[31m█[31m█[31m█[31m█[31m█[31m█[30m█[30m█[30m█[30m█
[30m█[30m█[31m█[31m█[31m█[31m█[31m█[31m█[31m█[31m█[31m█[31m█[31m█[31m█[30m█[30m█
[31m█[31m█[31m█[31m█[34m█[34m█[31m█[31m█[31m█[31m█[34m█[34m█[33m█[33m█[31m█[31m█
[31m█[31m█[31m█[31m█[31m█[31m█[31m█[31m█[33m█[33m█[33m█[33m█[33m█[33m█[31m█[31m█
[31m█[31m█[31m█[31m█[34m█[34m█[33m█[33m█[33m█[33m█[34m█[34m█[33m█[33m█[31m█[31m█
[31m█[31m█[31m█[31m█[31m█[31m█[34m█[34m█[34m█[34m█[33m█[33m█[33m█[33m█[31m█[31m█
[30m█[30m█[31m█[31m█[31m█[31m█[31m█[31m█[31m█[31m█[33m█[33m█[31m█[31m█[30m█[30m█
[30m█[30m█[30m█[30m█[31m█[31m█[31m█[31m█[31m█[31m█[31m█[31m█[30m█[30m█[30m█[30m█
[0m
Visited node 46
[30m█[30m█[30m█[30m█[31m█[31m█[31m█[31m█[31m█[31m█[31m█[31m█[30m█[30m█[30m█[30m█
[30m█[30m█[31m█[31m█[31m█[31m█[31m█[31m█[31m█[31m█[31m█[31m█[31m█[31m█[30m█[30m█
[31m█[31m█[31m█[31m█[34m█[34m█[31m█[31m█[31m█[31m█[34m█[34m█[33m█[33m█[31m█[31m█
[31m█[31m█[31m█[31m█[31m█[31m█[31m█[31m█[33m█[33m█[33m█[33m█[33m█[33m█[31m█[31m█
[31m█[31m█[31m█[31m█[34m█[34m█[33m█[33m█[33m█[33m█[34m█[34m█[33m█[33m█[31m█[31m█
[31m█[31m█[31m█[31m█[31m█[31m█[34m█[34m█[34m█[34m█[33m█[33m█[33m█[33m█[31m█[31m█
[30m█[30m█[31m█[31m█[31m█[31m█[31m█[31m█[31m█[31m█[31m█[31m█[31m█[31m█[30m█[30m█
[30m█[30m█[30m█[30m█[31m█[31m█[31m█[31m█[31m█[31m█[31m█[31m█[30m█[30m█[30m█[30m█
[0m
Visited node 39
[30m█[30m█[30m█[30m█[31m█[31m█[31m█[31m█[31m█[31m█[31m█[31m█[30m█[30m█[30m█[30m█
[30m█[30m█[31m█[31m█[31m█[31m█[31m█[31m█[31m█[31m█[31m█[31m█[31m█[31m█[30m█[30m█
[31m█[31m█[31m█[31m█[34m█[34m█[31m█[31m█[31m█[31m█[34m█[34m█[33m█[33m█[31m█[31m█
[31m█[31m█[31m█[31m█[31m█[31m█[31m█[31m█[33m█[33m█[33m█[33m█[33m█[33m█[31m█[31m█
[31m█[31m█[31m█[31m█[34m█[34m█[33m█[33m█[33m█[33m█[34m█[34m█[33m█[33m█[31m█[31m█
[31m█[31m█[31m█[31m█[31m█[31m█[34m█[34m█[34m█[34m█[31m█[31m█[33m█[33m█[31m█[31m█
[30m█[30m█[31m█[31m█[31m█[31m█[31m█[31m█[31m█[31m█[31m█[31m█[31m█[31m█[30m█[30m█
[30m█[30m█[30m█[30m█[31m█[31m█[31m█[31m█[31m█[31m█[31m█[31m█[30m█[30m█[30m█[30m█
[0m
Visited node 40
[30m█[30m█[30m█[30m█[31m█[31m█[31m█[31m█[31m█[31m█[31m█[31m█[30m█[30m█[30m█[30m█
[30m█[30m█[31m█[31m█[31m█[31m█[31m█[31m█[31m█[31m█[31m█[31m█[31m█[31m█[30m█[30m█
[31m█[31m█[31m█[31m█[34m█[34m█[31m█[31m█[31m█[31m█[34m█[34m█[33m█[33m█[31m█[31m█
[31m█[31m█[31m█[31m█[31m█[31m█[31m█[31m█[33m█[33m█[33m█[33m█[33m█[33m█[31m█[31m█
[31m█[31m█[31m█[31m█[34m█[34m█[33m█[33m█[33m█[33m█[34m█[34m█[33m█[33m█[31m█[31m█
[31m█[31m█[31m█[31m█[31m█[31m█[34m█[34m█[34m█[34m█[31m█[31m█[31m█[31m█[31m█[31m█
[30m█[30m█[31m█[31m█[31m█[31m█[31m█[31m█[31m█[31m█[31m█[31m█[31m█[31m█[30m█[30m█
[30m█[30m█[30m█[30m█[31m█[31m█[31m█[31m█[31m█[31m█[31m█[31m█[30m█[30m█[30m█[30m█
[0m
Visited node 32
[30m█[30m█[30m█[30m█[31m█[31m█[31m█[31m█[31m█[31m█[31m█[31m█[30m█[30m█[30m█[30m█
[30m█[30m█[31m█[31m█[31m█[31m█[31m█[31m█[31m█[31m█[31m█[31m█[31m█[31m█[30m█[30m█
[31m█[31m█[31m█[31m█[34m█[34m█[31m█[31m█[31m█[31m█[34m█[34m█[33m█[33m█[31m█[31m█
[31m█[31m█[31m█[31m█[31m█[31m█[31m█[31m█[33m█[33m█[33m█[33m█[33m█[33m█[31m█[31m█
[31m█[31m█[31m█[31m█[34m█[34m█[33m█[33m█[33m█[33m█[34m█[34m█[31m█[31m█[31m█[31m█
[31m█[31m█[31m█[31m█[31m█[31m█[34m█[34m█[34m█[34m█[31m█[31m█[31m█[31m█[31m█[31m█
[30m█[30m█[31m█[31m█[31m█[31m█[31m█[31m█[31m█[31m█[31m█[31m█[31m█[31m█[30m█[30m█
[30m█[30m█[30m█[30m█[31m█[31m█[31m█[31m█[31m█[31m█[31m█[31m█[30m█[30m█[30m█[30m█
[0m
Visited node 24
[30m█[30m█[30m█[30m█[31m█[31m█[31m█[31m█[31m█[31m█[31m█[31m█[30m█[30m█[30m█[30m█
[30m█[30m█[31m█[31m█[31m█[31m█[31m█[31m█[31m█[31m█[31m█[31m█[31m█[31m█[30m█[30m█
[31m█[31m█[31m█[31m█[34m█[34m█[31m█[31m█[31m█[31m█[34m█[34m█[33m█[33m█[31m█[31m█
[31m█[31m█[31m█[31m█[31m█[31m█[31m█[31m█[33m█[33m█[33m█[33m█[31m█[31m█[31m█[31m█
[31m█[31m█[31m█[31m█[34m█[34m█[33m█[33m█[33m█[33m█[34m█[34m█[31m█[31m█[31m█[31m█
[31m█[31m█[31m█[31m█[31m█[31m█[34m█[34m█[34m█[34m█[31m█[31m█[31m█[31m█[31m█[31m█
[30m█[30m█[31m█[31m█[31m█[31m█[31m█[31m█[31m█[31m█[31m█[31m█[31m█[31m█[30m█[30m█
[30m█[30m█[30m█[30m█[31m█[31m█[31m█[31m█[31m█[31m█[31m█[31m█[30m█[30m█[30m█[30m█
[0m
Visited node 16
[30m█[30m█[30m█[30m█[31m█[31m█[31m█[31m█[31m█[31m█[31m█[31m█[30m█[30m█[30m█[30m█
[30m█[30m█[31m█[31m█[31m█[31m█[31m█[31m█[31m█[31m█[31m█[31m█[31m█[31m█[30m█[30m█
[31m█[31m█[31m█[31m█[34m█[34m█[31m█[31m█[31m█[31m█[34m█[34m█[31m█[31m█[31m█[31m█
[31m█[31m█[31m█[31m█[31m█[31m█[31m█[31m█[33m█[33m█[33m█[33m█[31m█[31m█[31m█[31m█
[31m█[31m█[31m█[31m█[34m█[34m█[33m█[33m█[33m█[33m█[34m█[34m█[31m█[31m█[31m█[31m█
[31m█[31m█[31m█[31m█[31m█[31m█[34m█[34m█[34m█[34m█[31m█[31m█[31m█[31m█[31m█[31m█
[30m█[30m█[31m█[31m█[31m█[31m█[31m█[31m█[31m█[31m█[31m█[31m█[31m█[31m█[30m█[30m█
[30m█[30m█[30m█[30m█[31m█[31m█[31m█[31m█[31m█[31m█[31m█[31m█[30m█[30m█[30m█[30m█
[0m
Visited node 23
[30m█[30m█[30m█[30m█[31m█[31m█[31m█[31m█[31m█[31m█[31m█[31m█[30m█[30m█[30m█[30m█
[30m█[30m█[31m█[31m█[31m█[31m█[31m█[31m█[31m█[31m█[31m█[31m█[31m█[31m█[30m█[30m█
[31m█[31m█[31m█[31m█[34m█[34m█[31m█[31m█[31m█[31m█[34m█[34m█[31m█[31m█[31m█[31m█
[31m█[31m█[31m█[31m█[31m█[31m█[31m█[31m█[33m█[33m█[31m█[31m█[31m█[31m█[31m█[31m█
[31m█[31m█[31m█[31m█[34m█[34m█[33m█[33m█[33m█[33m█[34m█[34m█[31m█[31m█[31m█[31m█
[31m█[31m█[31m█[31m█[31m█[31m█[34m█[34m█[34m█[34m█[31m█[31m█[31m█[31m█[31m█[31m█
[30m█[30m█[31m█[31m█[31m█[31m█[31m█[31m█[31m█[31m█[31m█[31m█[31m█[31m█[30m█[30m█
[30m█[30m█[30m█[30m█[31m█[31m█[31m█[31m█[31m█[31m█[31m█[31m█[30m█[30m█[30m█[30m█
[0m
Visited node 22
[30m█[30m█[30m█[30m█[31m█[31m█[31m█[31m█[31m█[31m█[31m█[31m█[30m█[30m█[30m█[30m█
[30m█[30m█[31m█[31m█[31m█[31m█[31m█[31m█[31m█[31m█[31m█[31m█[31m█[31m█[30m█[30m█
[31m█[31m█[31m█[31m█[34m█[34m█[31m█[31m█[31m█[31m█[34m█[34m█[31m█[31m█[31m█[31m█
[31m█[31m█[31m█[31m█[31m█[31m█[31m█[31m█[31m█[31m█[31m█[31m█[31m█[31m█[31m█[31m█
[31m█[31m█[31m█[31m█[34m█[34m█[33m█[33m█[33m█[33m█[34m█[34m█[31m█[31m█[31m█[31m█
[31m█[31m█[31m█[31m█[31m█[31m█[34m█[34m█[34m█[34m█[31m█[31m█[31m█[31m█[31m█[31m█
[30m█[30m█[31m█[31m█[31m█[31m█[31m█[31m█[31m█[31m█[31m█[31m█[31m█[31m█[30m█[30m█
[30m█[30m█[30m█[30m█[31m█[31m█[31m█[31m█[31m█[31m█[31m█[31m█[30m█[30m█[30m█[30m█
[0m
Visited node 30
[30m█[30m█[30m█[30m█[31m█[31m█[31m█[31m█[31m█[31m█[31m█[31m█[30m█[30m█[30m█[30m█
[30m█[30m█[31m█[31m█[31m█[31m█[31m█[31m█[31m█[31m█[31m█[31m█[31m█[31m█[30m█[30m█
[31m█[31m█[31m█[31m█[34m█[34m█[31m█[31m█[31m█[31m█[34m█[34m█[31m█[31m█[31m█[31m█
[31m█[31m█[31m█[31m█[31m█[31m█[31m█[31m█[31m█[31m█[31m█[31m█[31m█[31m█[31m█[31m█
[31m█[31m█[31m█[31m█[34m█[34m█[33m█[33m█[31m█[31m█[34m█[34m█[31m█[31m█[31m█[31m█
[31m█[31m█[31m█[31m█[31m█[31m█[34m█[34m█[34m█[34m█[31m█[31m█[31m█[31m█[31m█[31m█
[30m█[30m█[31m█[31m█[31m█[31m█[31m█[31m█[31m█[31m█[31m█[31m█[31m█[31m█[30m█[30m█
[30m█[30m█[30m█[30m█[31m█[31m█[31m█[31m█[31m█[31m█[31m█[31m█[30m█[30m█[30m█[30m█
[0m
Visited node 29
[30m█[30m█[30m█[30m█[31m█[31m█[31m█[31m█[31m█[31m█[31m█[31m█[30m█[30m█[30m█[30m█
[30m█[30m█[31m█[31m█[31m█[31m█[31m█[31m█[31m█[31m█[31m█[31m█[31m█[31m█[30m█[30m█
[31m█[31m█[31m█[31m█[34m█[34m█[31m█[31m█[31m█[31m█[34m█[34m█[31m█[31m█[31m█[31m█
[31m█[31m█[31m█[31m█[31m█[31m█[31m█[31m█[31m█[31m█[31m█[31m█[31m█[31m█[31m█[31m█
[31m█[31m█[31m█[31m█[34m█[34m█[31m█[31m█[31m█[31m█[34m█[34m█[31m█[31m█[31m█[31m█
[31m█[31m█[31m█[31m█[31m█[31m█[34m█[34m█[34m█[34m█[31m█[31m█[31m█[31m█[31m█[31m█
[30m█[30m█[31m█[31m█[31m█[31m█[31m█[31m█[31m█[31m█[31m█[31m█[31m█[31m█[30m█[30m█
[30m█[30m█[30m█[30m█[31m█[31m█[31m█[31m█[31m█[31m█[31m█[31m█[30m█[30m█[30m█[30m█
[0m
